Analysis & Synthesis report for Relogio
Fri Sep 20 13:04:20 2024
Quartus II 64-Bit Version 13.0.1 Build 232 06/12/2013 Service Pack 1 SJ Web Edition


---------------------
; Table of Contents ;
---------------------
  1. Legal Notice
  2. Analysis & Synthesis Summary
  3. Analysis & Synthesis Settings
  4. Parallel Compilation
  5. Analysis & Synthesis Source Files Read
  6. Analysis & Synthesis Resource Usage Summary
  7. Analysis & Synthesis Resource Utilization by Entity
  8. General Register Statistics
  9. Inverted Register Statistics
 10. Multiplexer Restructuring Statistics (Restructuring Performed)
 11. Elapsed Time Per Partition
 12. Analysis & Synthesis Messages



----------------
; Legal Notice ;
----------------
Copyright (C) 1991-2013 Altera Corporation
Your use of Altera Corporation's design tools, logic functions 
and other software and tools, and its AMPP partner logic 
functions, and any output files from any of the foregoing 
(including device programming or simulation files), and any 
associated documentation or information are expressly subject 
to the terms and conditions of the Altera Program License 
Subscription Agreement, Altera MegaCore Function License 
Agreement, or other applicable license agreement, including, 
without limitation, that your use is for the sole purpose of 
programming logic devices manufactured by Altera and sold by 
Altera or its authorized distributors.  Please refer to the 
applicable agreement for further details.



+--------------------------------------------------------------------------------------+
; Analysis & Synthesis Summary                                                         ;
+------------------------------------+-------------------------------------------------+
; Analysis & Synthesis Status        ; Successful - Fri Sep 20 13:04:20 2024           ;
; Quartus II 64-Bit Version          ; 13.0.1 Build 232 06/12/2013 SP 1 SJ Web Edition ;
; Revision Name                      ; Relogio                                         ;
; Top-level Entity Name              ; relogio_final                                   ;
; Family                             ; Cyclone II                                      ;
; Total logic elements               ; 498                                             ;
;     Total combinational functions  ; 498                                             ;
;     Dedicated logic registers      ; 183                                             ;
; Total registers                    ; 183                                             ;
; Total pins                         ; 64                                              ;
; Total virtual pins                 ; 0                                               ;
; Total memory bits                  ; 0                                               ;
; Embedded Multiplier 9-bit elements ; 0                                               ;
; Total PLLs                         ; 0                                               ;
+------------------------------------+-------------------------------------------------+


+----------------------------------------------------------------------------------------------------------------------+
; Analysis & Synthesis Settings                                                                                        ;
+----------------------------------------------------------------------------+--------------------+--------------------+
; Option                                                                     ; Setting            ; Default Value      ;
+----------------------------------------------------------------------------+--------------------+--------------------+
; Device                                                                     ; EP2C35F672C6       ;                    ;
; Top-level entity name                                                      ; relogio_final      ; Relogio            ;
; Family name                                                                ; Cyclone II         ; Cyclone IV GX      ;
; Use smart compilation                                                      ; Off                ; Off                ;
; Enable parallel Assembler and TimeQuest Timing Analyzer during compilation ; On                 ; On                 ;
; Enable compact report table                                                ; Off                ; Off                ;
; Restructure Multiplexers                                                   ; Auto               ; Auto               ;
; Create Debugging Nodes for IP Cores                                        ; Off                ; Off                ;
; Preserve fewer node names                                                  ; On                 ; On                 ;
; Disable OpenCore Plus hardware evaluation                                  ; Off                ; Off                ;
; Verilog Version                                                            ; Verilog_2001       ; Verilog_2001       ;
; VHDL Version                                                               ; VHDL_1993          ; VHDL_1993          ;
; State Machine Processing                                                   ; Auto               ; Auto               ;
; Safe State Machine                                                         ; Off                ; Off                ;
; Extract Verilog State Machines                                             ; On                 ; On                 ;
; Extract VHDL State Machines                                                ; On                 ; On                 ;
; Ignore Verilog initial constructs                                          ; Off                ; Off                ;
; Iteration limit for constant Verilog loops                                 ; 5000               ; 5000               ;
; Iteration limit for non-constant Verilog loops                             ; 250                ; 250                ;
; Add Pass-Through Logic to Inferred RAMs                                    ; On                 ; On                 ;
; Infer RAMs from Raw Logic                                                  ; On                 ; On                 ;
; Parallel Synthesis                                                         ; On                 ; On                 ;
; DSP Block Balancing                                                        ; Auto               ; Auto               ;
; NOT Gate Push-Back                                                         ; On                 ; On                 ;
; Power-Up Don't Care                                                        ; On                 ; On                 ;
; Remove Redundant Logic Cells                                               ; Off                ; Off                ;
; Remove Duplicate Registers                                                 ; On                 ; On                 ;
; Ignore CARRY Buffers                                                       ; Off                ; Off                ;
; Ignore CASCADE Buffers                                                     ; Off                ; Off                ;
; Ignore GLOBAL Buffers                                                      ; Off                ; Off                ;
; Ignore ROW GLOBAL Buffers                                                  ; Off                ; Off                ;
; Ignore LCELL Buffers                                                       ; Off                ; Off                ;
; Ignore SOFT Buffers                                                        ; On                 ; On                 ;
; Limit AHDL Integers to 32 Bits                                             ; Off                ; Off                ;
; Optimization Technique                                                     ; Balanced           ; Balanced           ;
; Carry Chain Length                                                         ; 70                 ; 70                 ;
; Auto Carry Chains                                                          ; On                 ; On                 ;
; Auto Open-Drain Pins                                                       ; On                 ; On                 ;
; Perform WYSIWYG Primitive Resynthesis                                      ; Off                ; Off                ;
; Auto ROM Replacement                                                       ; On                 ; On                 ;
; Auto RAM Replacement                                                       ; On                 ; On                 ;
; Auto Shift Register Replacement                                            ; Auto               ; Auto               ;
; Allow Shift Register Merging across Hierarchies                            ; Auto               ; Auto               ;
; Auto Clock Enable Replacement                                              ; On                 ; On                 ;
; Strict RAM Replacement                                                     ; Off                ; Off                ;
; Allow Synchronous Control Signals                                          ; On                 ; On                 ;
; Force Use of Synchronous Clear Signals                                     ; Off                ; Off                ;
; Auto RAM to Logic Cell Conversion                                          ; Off                ; Off                ;
; Auto Resource Sharing                                                      ; Off                ; Off                ;
; Allow Any RAM Size For Recognition                                         ; Off                ; Off                ;
; Allow Any ROM Size For Recognition                                         ; Off                ; Off                ;
; Allow Any Shift Register Size For Recognition                              ; Off                ; Off                ;
; Use LogicLock Constraints during Resource Balancing                        ; On                 ; On                 ;
; Ignore translate_off and synthesis_off directives                          ; Off                ; Off                ;
; Timing-Driven Synthesis                                                    ; Off                ; Off                ;
; Report Parameter Settings                                                  ; On                 ; On                 ;
; Report Source Assignments                                                  ; On                 ; On                 ;
; Report Connectivity Checks                                                 ; On                 ; On                 ;
; Ignore Maximum Fan-Out Assignments                                         ; Off                ; Off                ;
; Synchronization Register Chain Length                                      ; 2                  ; 2                  ;
; PowerPlay Power Optimization                                               ; Normal compilation ; Normal compilation ;
; HDL message level                                                          ; Level2             ; Level2             ;
; Suppress Register Optimization Related Messages                            ; Off                ; Off                ;
; Number of Removed Registers Reported in Synthesis Report                   ; 5000               ; 5000               ;
; Number of Swept Nodes Reported in Synthesis Report                         ; 5000               ; 5000               ;
; Number of Inverted Registers Reported in Synthesis Report                  ; 100                ; 100                ;
; Clock MUX Protection                                                       ; On                 ; On                 ;
; Auto Gated Clock Conversion                                                ; Off                ; Off                ;
; Block Design Naming                                                        ; Auto               ; Auto               ;
; SDC constraint protection                                                  ; Off                ; Off                ;
; Synthesis Effort                                                           ; Auto               ; Auto               ;
; Shift Register Replacement - Allow Asynchronous Clear Signal               ; On                 ; On                 ;
; Pre-Mapping Resynthesis Optimization                                       ; Off                ; Off                ;
; Analysis & Synthesis Message Level                                         ; Medium             ; Medium             ;
; Disable Register Merging Across Hierarchies                                ; Auto               ; Auto               ;
; Resource Aware Inference For Block RAM                                     ; On                 ; On                 ;
; Synthesis Seed                                                             ; 1                  ; 1                  ;
+----------------------------------------------------------------------------+--------------------+--------------------+


Parallel compilation was disabled, but you have multiple processors available. Enable parallel compilation to reduce compilation time.
+-------------------------------------+
; Parallel Compilation                ;
+----------------------------+--------+
; Processors                 ; Number ;
+----------------------------+--------+
; Number detected on machine ; 16     ;
; Maximum allowed            ; 1      ;
+----------------------------+--------+


+----------------------------------------------------------------------------------------------------------------------------------------------+
; Analysis & Synthesis Source Files Read                                                                                                       ;
+----------------------------------+-----------------+------------------------------------+------------------------------------------+---------+
; File Name with User-Entered Path ; Used in Netlist ; File Type                          ; File Name with Absolute Path             ; Library ;
+----------------------------------+-----------------+------------------------------------+------------------------------------------+---------+
; controle.bdf                     ; yes             ; User Block Diagram/Schematic File  ; D:/Projeto_Final2/controle.bdf           ;         ;
; timer.bdf                        ; yes             ; User Block Diagram/Schematic File  ; D:/Projeto_Final2/timer.bdf              ;         ;
; relogio.bdf                      ; yes             ; User Block Diagram/Schematic File  ; D:/Projeto_Final2/relogio.bdf            ;         ;
; cronometro.bdf                   ; yes             ; User Block Diagram/Schematic File  ; D:/Projeto_Final2/cronometro.bdf         ;         ;
; decoder7.sv                      ; yes             ; User SystemVerilog HDL File        ; D:/Projeto_Final2/decoder7.sv            ;         ;
; seletor.v                        ; yes             ; User Verilog HDL File              ; D:/Projeto_Final2/seletor.v              ;         ;
; fdiv_timer.v                     ; yes             ; User Verilog HDL File              ; D:/Projeto_Final2/fdiv_timer.v           ;         ;
; fdiv_relogio.v                   ; yes             ; User Verilog HDL File              ; D:/Projeto_Final2/fdiv_relogio.v         ;         ;
; fdiv_cronometro.v                ; yes             ; User Verilog HDL File              ; D:/Projeto_Final2/fdiv_cronometro.v      ;         ;
; contador_decrescente.v           ; yes             ; User Verilog HDL File              ; D:/Projeto_Final2/contador_decrescente.v ;         ;
; contador9_0.v                    ; yes             ; User Verilog HDL File              ; D:/Projeto_Final2/contador9_0.v          ;         ;
; contador5_0.v                    ; yes             ; User Verilog HDL File              ; D:/Projeto_Final2/contador5_0.v          ;         ;
; contador2_0.v                    ; yes             ; User Verilog HDL File              ; D:/Projeto_Final2/contador2_0.v          ;         ;
; contador0_9.v                    ; yes             ; User Verilog HDL File              ; D:/Projeto_Final2/contador0_9.v          ;         ;
; contador0_5.v                    ; yes             ; User Verilog HDL File              ; D:/Projeto_Final2/contador0_5.v          ;         ;
; contador0_2.v                    ; yes             ; User Verilog HDL File              ; D:/Projeto_Final2/contador0_2.v          ;         ;
; relogio_final.bdf                ; yes             ; User Block Diagram/Schematic File  ; D:/Projeto_Final2/relogio_final.bdf      ;         ;
+----------------------------------+-----------------+------------------------------------+------------------------------------------+---------+


+------------------------------------------------------+
; Analysis & Synthesis Resource Usage Summary          ;
+---------------------------------------------+--------+
; Resource                                    ; Usage  ;
+---------------------------------------------+--------+
; Estimated Total logic elements              ; 498    ;
;                                             ;        ;
; Total combinational functions               ; 498    ;
; Logic element usage by number of LUT inputs ;        ;
;     -- 4 input functions                    ; 334    ;
;     -- 3 input functions                    ; 40     ;
;     -- <=2 input functions                  ; 124    ;
;                                             ;        ;
; Logic elements by mode                      ;        ;
;     -- normal mode                          ; 405    ;
;     -- arithmetic mode                      ; 93     ;
;                                             ;        ;
; Total registers                             ; 183    ;
;     -- Dedicated logic registers            ; 183    ;
;     -- I/O registers                        ; 0      ;
;                                             ;        ;
; I/O pins                                    ; 64     ;
; Embedded Multiplier 9-bit elements          ; 0      ;
; Maximum fan-out node                        ; KEY[2] ;
; Maximum fan-out                             ; 79     ;
; Total fan-out                               ; 2184   ;
; Average fan-out                             ; 2.93   ;
+---------------------------------------------+--------+


+-------------------------------------------------------------------------------------------------------------------------------------------------------------------------------------------------------------------------+
; Analysis & Synthesis Resource Utilization by Entity                                                                                                                                                                     ;
+-------------------------------------+-------------------+--------------+-------------+--------------+---------+-----------+------+--------------+--------------------------------------------------------+--------------+
; Compilation Hierarchy Node          ; LC Combinationals ; LC Registers ; Memory Bits ; DSP Elements ; DSP 9x9 ; DSP 18x18 ; Pins ; Virtual Pins ; Full Hierarchy Name                                    ; Library Name ;
+-------------------------------------+-------------------+--------------+-------------+--------------+---------+-----------+------+--------------+--------------------------------------------------------+--------------+
; |relogio_final                      ; 498 (0)           ; 183 (0)      ; 0           ; 0            ; 0       ; 0         ; 64   ; 0            ; |relogio_final                                         ; work         ;
;    |controle:inst2|                 ; 7 (7)             ; 0 (0)        ; 0           ; 0            ; 0       ; 0         ; 0    ; 0            ; |relogio_final|controle:inst2                          ; work         ;
;    |cronometro:inst4|               ; 126 (9)           ; 59 (2)       ; 0           ; 0            ; 0       ; 0         ; 0    ; 0            ; |relogio_final|cronometro:inst4                        ; work         ;
;       |contador0_5:inst21|          ; 4 (4)             ; 4 (4)        ; 0           ; 0            ; 0       ; 0         ; 0    ; 0            ; |relogio_final|cronometro:inst4|contador0_5:inst21     ; work         ;
;       |contador0_5:inst36|          ; 4 (4)             ; 4 (4)        ; 0           ; 0            ; 0       ; 0         ; 0    ; 0            ; |relogio_final|cronometro:inst4|contador0_5:inst36     ; work         ;
;       |contador0_9:inst11|          ; 4 (4)             ; 4 (4)        ; 0           ; 0            ; 0       ; 0         ; 0    ; 0            ; |relogio_final|cronometro:inst4|contador0_9:inst11     ; work         ;
;       |contador0_9:inst1|           ; 4 (4)             ; 4 (4)        ; 0           ; 0            ; 0       ; 0         ; 0    ; 0            ; |relogio_final|cronometro:inst4|contador0_9:inst1      ; work         ;
;       |contador0_9:inst29|          ; 4 (4)             ; 4 (4)        ; 0           ; 0            ; 0       ; 0         ; 0    ; 0            ; |relogio_final|cronometro:inst4|contador0_9:inst29     ; work         ;
;       |contador0_9:inst3|           ; 4 (4)             ; 4 (4)        ; 0           ; 0            ; 0       ; 0         ; 0    ; 0            ; |relogio_final|cronometro:inst4|contador0_9:inst3      ; work         ;
;       |decoder7:inst12|             ; 7 (7)             ; 0 (0)        ; 0           ; 0            ; 0       ; 0         ; 0    ; 0            ; |relogio_final|cronometro:inst4|decoder7:inst12        ; work         ;
;       |decoder7:inst14|             ; 7 (7)             ; 0 (0)        ; 0           ; 0            ; 0       ; 0         ; 0    ; 0            ; |relogio_final|cronometro:inst4|decoder7:inst14        ; work         ;
;       |decoder7:inst15|             ; 7 (7)             ; 0 (0)        ; 0           ; 0            ; 0       ; 0         ; 0    ; 0            ; |relogio_final|cronometro:inst4|decoder7:inst15        ; work         ;
;       |decoder7:inst22|             ; 7 (7)             ; 0 (0)        ; 0           ; 0            ; 0       ; 0         ; 0    ; 0            ; |relogio_final|cronometro:inst4|decoder7:inst22        ; work         ;
;       |decoder7:inst35|             ; 7 (7)             ; 0 (0)        ; 0           ; 0            ; 0       ; 0         ; 0    ; 0            ; |relogio_final|cronometro:inst4|decoder7:inst35        ; work         ;
;       |decoder7:inst|               ; 7 (7)             ; 0 (0)        ; 0           ; 0            ; 0       ; 0         ; 0    ; 0            ; |relogio_final|cronometro:inst4|decoder7:inst          ; work         ;
;       |fdiv_cronometro:inst13|      ; 51 (51)           ; 33 (33)      ; 0           ; 0            ; 0       ; 0         ; 0    ; 0            ; |relogio_final|cronometro:inst4|fdiv_cronometro:inst13 ; work         ;
;    |relogio:inst5|                  ; 149 (10)          ; 65 (0)       ; 0           ; 0            ; 0       ; 0         ; 0    ; 0            ; |relogio_final|relogio:inst5                           ; work         ;
;       |contador0_2:inst45|          ; 4 (4)             ; 4 (4)        ; 0           ; 0            ; 0       ; 0         ; 0    ; 0            ; |relogio_final|relogio:inst5|contador0_2:inst45        ; work         ;
;       |contador0_5:inst15|          ; 4 (4)             ; 4 (4)        ; 0           ; 0            ; 0       ; 0         ; 0    ; 0            ; |relogio_final|relogio:inst5|contador0_5:inst15        ; work         ;
;       |contador0_5:inst8|           ; 4 (4)             ; 4 (4)        ; 0           ; 0            ; 0       ; 0         ; 0    ; 0            ; |relogio_final|relogio:inst5|contador0_5:inst8         ; work         ;
;       |contador0_9:inst16|          ; 4 (4)             ; 4 (4)        ; 0           ; 0            ; 0       ; 0         ; 0    ; 0            ; |relogio_final|relogio:inst5|contador0_9:inst16        ; work         ;
;       |contador0_9:inst53|          ; 4 (4)             ; 4 (4)        ; 0           ; 0            ; 0       ; 0         ; 0    ; 0            ; |relogio_final|relogio:inst5|contador0_9:inst53        ; work         ;
;       |contador0_9:inst9|           ; 4 (4)             ; 4 (4)        ; 0           ; 0            ; 0       ; 0         ; 0    ; 0            ; |relogio_final|relogio:inst5|contador0_9:inst9         ; work         ;
;       |contador0_9:instFDS2|        ; 4 (4)             ; 4 (4)        ; 0           ; 0            ; 0       ; 0         ; 0    ; 0            ; |relogio_final|relogio:inst5|contador0_9:instFDS2      ; work         ;
;       |contador0_9:inst|            ; 4 (4)             ; 4 (4)        ; 0           ; 0            ; 0       ; 0         ; 0    ; 0            ; |relogio_final|relogio:inst5|contador0_9:inst          ; work         ;
;       |decoder7:inst33|             ; 7 (7)             ; 0 (0)        ; 0           ; 0            ; 0       ; 0         ; 0    ; 0            ; |relogio_final|relogio:inst5|decoder7:inst33           ; work         ;
;       |decoder7:inst34|             ; 7 (7)             ; 0 (0)        ; 0           ; 0            ; 0       ; 0         ; 0    ; 0            ; |relogio_final|relogio:inst5|decoder7:inst34           ; work         ;
;       |decoder7:inst35|             ; 7 (7)             ; 0 (0)        ; 0           ; 0            ; 0       ; 0         ; 0    ; 0            ; |relogio_final|relogio:inst5|decoder7:inst35           ; work         ;
;       |decoder7:inst36|             ; 7 (7)             ; 0 (0)        ; 0           ; 0            ; 0       ; 0         ; 0    ; 0            ; |relogio_final|relogio:inst5|decoder7:inst36           ; work         ;
;       |decoder7:inst37|             ; 7 (7)             ; 0 (0)        ; 0           ; 0            ; 0       ; 0         ; 0    ; 0            ; |relogio_final|relogio:inst5|decoder7:inst37           ; work         ;
;       |decoder7:inst38|             ; 7 (7)             ; 0 (0)        ; 0           ; 0            ; 0       ; 0         ; 0    ; 0            ; |relogio_final|relogio:inst5|decoder7:inst38           ; work         ;
;       |decoder7:inst52|             ; 7 (7)             ; 0 (0)        ; 0           ; 0            ; 0       ; 0         ; 0    ; 0            ; |relogio_final|relogio:inst5|decoder7:inst52           ; work         ;
;       |decoder7:inst59|             ; 7 (7)             ; 0 (0)        ; 0           ; 0            ; 0       ; 0         ; 0    ; 0            ; |relogio_final|relogio:inst5|decoder7:inst59           ; work         ;
;       |fdiv_relogio:inst49|         ; 51 (51)           ; 33 (33)      ; 0           ; 0            ; 0       ; 0         ; 0    ; 0            ; |relogio_final|relogio:inst5|fdiv_relogio:inst49       ; work         ;
;    |seletor:inst3|                  ; 84 (84)           ; 0 (0)        ; 0           ; 0            ; 0       ; 0         ; 0    ; 0            ; |relogio_final|seletor:inst3                           ; work         ;
;    |timer:inst|                     ; 132 (17)          ; 59 (2)       ; 0           ; 0            ; 0       ; 0         ; 0    ; 0            ; |relogio_final|timer:inst                              ; work         ;
;       |contador2_0:inst29|          ; 4 (4)             ; 4 (4)        ; 0           ; 0            ; 0       ; 0         ; 0    ; 0            ; |relogio_final|timer:inst|contador2_0:inst29           ; work         ;
;       |contador5_0:inst24|          ; 4 (4)             ; 4 (4)        ; 0           ; 0            ; 0       ; 0         ; 0    ; 0            ; |relogio_final|timer:inst|contador5_0:inst24           ; work         ;
;       |contador5_0:instdwq|         ; 4 (4)             ; 4 (4)        ; 0           ; 0            ; 0       ; 0         ; 0    ; 0            ; |relogio_final|timer:inst|contador5_0:instdwq          ; work         ;
;       |contador9_0:instsa|          ; 4 (4)             ; 4 (4)        ; 0           ; 0            ; 0       ; 0         ; 0    ; 0            ; |relogio_final|timer:inst|contador9_0:instsa           ; work         ;
;       |contador9_0:inwarde|         ; 4 (4)             ; 4 (4)        ; 0           ; 0            ; 0       ; 0         ; 0    ; 0            ; |relogio_final|timer:inst|contador9_0:inwarde          ; work         ;
;       |contador_decrescente:inst45| ; 4 (4)             ; 4 (4)        ; 0           ; 0            ; 0       ; 0         ; 0    ; 0            ; |relogio_final|timer:inst|contador_decrescente:inst45  ; work         ;
;       |decoder7:inst28|             ; 7 (7)             ; 0 (0)        ; 0           ; 0            ; 0       ; 0         ; 0    ; 0            ; |relogio_final|timer:inst|decoder7:inst28              ; work         ;
;       |decoder7:inst38|             ; 7 (7)             ; 0 (0)        ; 0           ; 0            ; 0       ; 0         ; 0    ; 0            ; |relogio_final|timer:inst|decoder7:inst38              ; work         ;
;       |decoder7:inst39|             ; 7 (7)             ; 0 (0)        ; 0           ; 0            ; 0       ; 0         ; 0    ; 0            ; |relogio_final|timer:inst|decoder7:inst39              ; work         ;
;       |decoder7:inst40|             ; 7 (7)             ; 0 (0)        ; 0           ; 0            ; 0       ; 0         ; 0    ; 0            ; |relogio_final|timer:inst|decoder7:inst40              ; work         ;
;       |decoder7:inst7|              ; 7 (7)             ; 0 (0)        ; 0           ; 0            ; 0       ; 0         ; 0    ; 0            ; |relogio_final|timer:inst|decoder7:inst7               ; work         ;
;       |decoder7:inst8|              ; 7 (7)             ; 0 (0)        ; 0           ; 0            ; 0       ; 0         ; 0    ; 0            ; |relogio_final|timer:inst|decoder7:inst8               ; work         ;
;       |fdiv_timer:inst9|            ; 49 (49)           ; 33 (33)      ; 0           ; 0            ; 0       ; 0         ; 0    ; 0            ; |relogio_final|timer:inst|fdiv_timer:inst9             ; work         ;
+-------------------------------------+-------------------+--------------+-------------+--------------+---------+-----------+------+--------------+--------------------------------------------------------+--------------+
Note: For table entries with two numbers listed, the numbers in parentheses indicate the number of resources of the given type used by the specific entity alone. The numbers listed outside of parentheses indicate the total resources of the given type used by the specific entity and all of its sub-entities in the hierarchy.


+------------------------------------------------------+
; General Register Statistics                          ;
+----------------------------------------------+-------+
; Statistic                                    ; Value ;
+----------------------------------------------+-------+
; Total registers                              ; 183   ;
; Number of registers using Synchronous Clear  ; 0     ;
; Number of registers using Synchronous Load   ; 0     ;
; Number of registers using Asynchronous Clear ; 82    ;
; Number of registers using Asynchronous Load  ; 0     ;
; Number of registers using Clock Enable       ; 0     ;
; Number of registers using Preset             ; 0     ;
+----------------------------------------------+-------+


+-----------------------------------------------------------+
; Inverted Register Statistics                              ;
+-------------------------------------------------+---------+
; Inverted Register                               ; Fan out ;
+-------------------------------------------------+---------+
; timer:inst|contador9_0:inwarde|count[3]         ; 12      ;
; timer:inst|contador9_0:inwarde|count[0]         ; 13      ;
; timer:inst|contador9_0:instsa|count[3]          ; 12      ;
; timer:inst|contador9_0:instsa|count[0]          ; 13      ;
; timer:inst|contador5_0:instdwq|count[2]         ; 12      ;
; timer:inst|contador5_0:instdwq|count[0]         ; 13      ;
; timer:inst|contador5_0:inst24|count[2]          ; 12      ;
; timer:inst|contador5_0:inst24|count[0]          ; 13      ;
; timer:inst|contador2_0:inst29|count[1]          ; 12      ;
; timer:inst|contador_decrescente:inst45|count[1] ; 12      ;
; timer:inst|contador_decrescente:inst45|count[0] ; 13      ;
; Total number of inverted registers = 11         ;         ;
+-------------------------------------------------+---------+


+--------------------------------------------------------------------------------------------------------------------------------------------------+
; Multiplexer Restructuring Statistics (Restructuring Performed)                                                                                   ;
+--------------------+-----------+---------------+----------------------+------------------------+------------+------------------------------------+
; Multiplexer Inputs ; Bus Width ; Baseline Area ; Area if Restructured ; Saving if Restructured ; Registered ; Example Multiplexer Output         ;
+--------------------+-----------+---------------+----------------------+------------------------+------------+------------------------------------+
; 8:1                ; 14 bits   ; 70 LEs        ; 28 LEs               ; 42 LEs                 ; No         ; |relogio_final|seletor:inst3|Mux46 ;
; 8:1                ; 14 bits   ; 70 LEs        ; 28 LEs               ; 42 LEs                 ; No         ; |relogio_final|seletor:inst3|Mux9  ;
; 8:1                ; 28 bits   ; 140 LEs       ; 84 LEs               ; 56 LEs                 ; No         ; |relogio_final|seletor:inst3|Mux16 ;
+--------------------+-----------+---------------+----------------------+------------------------+------------+------------------------------------+


+-------------------------------+
; Elapsed Time Per Partition    ;
+----------------+--------------+
; Partition Name ; Elapsed Time ;
+----------------+--------------+
; Top            ; 00:00:00     ;
+----------------+--------------+


+-------------------------------+
; Analysis & Synthesis Messages ;
+-------------------------------+
Info: *******************************************************************
Info: Running Quartus II 64-Bit Analysis & Synthesis
    Info: Version 13.0.1 Build 232 06/12/2013 Service Pack 1 SJ Web Edition
    Info: Processing started: Fri Sep 20 13:04:14 2024
Info: Command: quartus_map --read_settings_files=on --write_settings_files=off Relogio -c Relogio
Warning (20028): Parallel compilation is not licensed and has been disabled
Info (12021): Found 1 design units, including 1 entities, in source file controle.bdf
    Info (12023): Found entity 1: controle
Info (12021): Found 1 design units, including 1 entities, in source file timer.bdf
    Info (12023): Found entity 1: timer
Info (12021): Found 1 design units, including 1 entities, in source file relogio.bdf
    Info (12023): Found entity 1: relogio
Info (12021): Found 1 design units, including 1 entities, in source file cronometro.bdf
    Info (12023): Found entity 1: cronometro
Info (12021): Found 1 design units, including 1 entities, in source file rom.sv
    Info (12023): Found entity 1: rom
Info (12021): Found 1 design units, including 1 entities, in source file decoder7.sv
    Info (12023): Found entity 1: decoder7
Info (12021): Found 1 design units, including 1 entities, in source file seletor.v
    Info (12023): Found entity 1: seletor
Info (12021): Found 1 design units, including 1 entities, in source file fdiv_timer.v
    Info (12023): Found entity 1: fdiv_timer
Info (12021): Found 1 design units, including 1 entities, in source file fdiv_relogio.v
    Info (12023): Found entity 1: fdiv_relogio
Info (12021): Found 1 design units, including 1 entities, in source file fdiv_cronometro.v
    Info (12023): Found entity 1: fdiv_cronometro
Warning (12019): Can't analyze file -- file contador_enable0_9.v is missing
Warning (12019): Can't analyze file -- file contador_enable0_5.v is missing
Info (12021): Found 1 design units, including 1 entities, in source file contador_decrescente.v
    Info (12023): Found entity 1: contador_decrescente
Info (12021): Found 1 design units, including 1 entities, in source file contador9_0.v
    Info (12023): Found entity 1: contador9_0
Info (12021): Found 1 design units, including 1 entities, in source file contador5_0.v
    Info (12023): Found entity 1: contador5_0
Info (12021): Found 1 design units, including 1 entities, in source file contador2_0.v
    Info (12023): Found entity 1: contador2_0
Info (12021): Found 1 design units, including 1 entities, in source file contador0_9.v
    Info (12023): Found entity 1: contador0_9
Info (12021): Found 1 design units, including 1 entities, in source file contador0_5.v
    Info (12023): Found entity 1: contador0_5
Info (12021): Found 1 design units, including 1 entities, in source file contador0_2.v
    Info (12023): Found entity 1: contador0_2
Warning (12019): Can't analyze file -- file botao_cronometro.v is missing
Info (12021): Found 1 design units, including 1 entities, in source file relogio_final.bdf
    Info (12023): Found entity 1: relogio_final
Info (12127): Elaborating entity "relogio_final" for the top level hierarchy
Info (12128): Elaborating entity "timer" for hierarchy "timer:inst"
Warning (275083): Bus "count0[3..0]" found using same base name as "count", which might lead to a name conflict.
Warning (275083): Bus "count0[3]" found using same base name as "count", which might lead to a name conflict.
Warning (275083): Bus "count0[1]" found using same base name as "count", which might lead to a name conflict.
Warning (275083): Bus "count1[3..0]" found using same base name as "count", which might lead to a name conflict.
Warning (275083): Bus "count1[2]" found using same base name as "count", which might lead to a name conflict.
Warning (275083): Bus "count1[1]" found using same base name as "count", which might lead to a name conflict.
Warning (275083): Bus "count3[3..0]" found using same base name as "count", which might lead to a name conflict.
Warning (275083): Bus "count2[3..0]" found using same base name as "count", which might lead to a name conflict.
Warning (275083): Bus "count2[3]" found using same base name as "count", which might lead to a name conflict.
Warning (275083): Bus "count2[1]" found using same base name as "count", which might lead to a name conflict.
Warning (275083): Bus "count3[2]" found using same base name as "count", which might lead to a name conflict.
Warning (275083): Bus "count3[1]" found using same base name as "count", which might lead to a name conflict.
Warning (275083): Bus "count3[3]" found using same base name as "count", which might lead to a name conflict.
Warning (275083): Bus "count3[0]" found using same base name as "count", which might lead to a name conflict.
Warning (275083): Bus "count2[2]" found using same base name as "count", which might lead to a name conflict.
Warning (275083): Bus "count2[0]" found using same base name as "count", which might lead to a name conflict.
Warning (275083): Bus "count1[3]" found using same base name as "count", which might lead to a name conflict.
Warning (275083): Bus "count1[0]" found using same base name as "count", which might lead to a name conflict.
Warning (275083): Bus "count0[2]" found using same base name as "count", which might lead to a name conflict.
Warning (275083): Bus "count0[0]" found using same base name as "count", which might lead to a name conflict.
Warning (275080): Converted elements in bus name "count" using legacy naming rules. Make any assignments on the new names, not on the original names.
    Warning (275081): Converted element name(s) from "count[3..0]" to "count3..0"
    Warning (275081): Converted element name(s) from "count[1]" to "count1"
    Warning (275081): Converted element name(s) from "count[2]" to "count2"
    Warning (275081): Converted element name(s) from "count[0]" to "count0"
    Warning (275081): Converted element name(s) from "count[3]" to "count3"
Warning (275080): Converted elements in bus name "count0" using legacy naming rules. Make any assignments on the new names, not on the original names.
    Warning (275081): Converted element name(s) from "count0[3..0]" to "count03..0"
    Warning (275081): Converted element name(s) from "count0[3]" to "count03"
    Warning (275081): Converted element name(s) from "count0[1]" to "count01"
    Warning (275081): Converted element name(s) from "count0[2]" to "count02"
    Warning (275081): Converted element name(s) from "count0[0]" to "count00"
Warning (275080): Converted elements in bus name "count1" using legacy naming rules. Make any assignments on the new names, not on the original names.
    Warning (275081): Converted element name(s) from "count1[3..0]" to "count13..0"
    Warning (275081): Converted element name(s) from "count1[2]" to "count12"
    Warning (275081): Converted element name(s) from "count1[1]" to "count11"
    Warning (275081): Converted element name(s) from "count1[3]" to "count13"
    Warning (275081): Converted element name(s) from "count1[0]" to "count10"
Warning (275080): Converted elements in bus name "count2" using legacy naming rules. Make any assignments on the new names, not on the original names.
    Warning (275081): Converted element name(s) from "count2[3..0]" to "count23..0"
    Warning (275081): Converted element name(s) from "count2[3]" to "count23"
    Warning (275081): Converted element name(s) from "count2[1]" to "count21"
    Warning (275081): Converted element name(s) from "count2[2]" to "count22"
    Warning (275081): Converted element name(s) from "count2[0]" to "count20"
Warning (275080): Converted elements in bus name "count3" using legacy naming rules. Make any assignments on the new names, not on the original names.
    Warning (275081): Converted element name(s) from "count3[3..0]" to "count33..0"
    Warning (275081): Converted element name(s) from "count3[2]" to "count32"
    Warning (275081): Converted element name(s) from "count3[1]" to "count31"
    Warning (275081): Converted element name(s) from "count3[3]" to "count33"
    Warning (275081): Converted element name(s) from "count3[0]" to "count30"
Info (12128): Elaborating entity "contador9_0" for hierarchy "timer:inst|contador9_0:inwarde"
Warning (10230): Verilog HDL assignment warning at contador9_0.v(14): truncated value with size 32 to match size of target (4)
Info (12128): Elaborating entity "fdiv_timer" for hierarchy "timer:inst|fdiv_timer:inst9"
Info (12128): Elaborating entity "contador5_0" for hierarchy "timer:inst|contador5_0:instdwq"
Warning (10230): Verilog HDL assignment warning at contador5_0.v(14): truncated value with size 32 to match size of target (4)
Info (12128): Elaborating entity "contador_decrescente" for hierarchy "timer:inst|contador_decrescente:inst45"
Warning (10230): Verilog HDL assignment warning at contador_decrescente.v(19): truncated value with size 32 to match size of target (4)
Warning (10230): Verilog HDL assignment warning at contador_decrescente.v(28): truncated value with size 32 to match size of target (4)
Info (12128): Elaborating entity "contador2_0" for hierarchy "timer:inst|contador2_0:inst29"
Warning (10230): Verilog HDL assignment warning at contador2_0.v(14): truncated value with size 32 to match size of target (4)
Info (12128): Elaborating entity "decoder7" for hierarchy "timer:inst|decoder7:inst7"
Info (12128): Elaborating entity "controle" for hierarchy "controle:inst2"
Info (12128): Elaborating entity "seletor" for hierarchy "seletor:inst3"
Info (12128): Elaborating entity "cronometro" for hierarchy "cronometro:inst4"
Warning (275083): Bus "count0[3..0]" found using same base name as "count", which might lead to a name conflict.
Warning (275083): Bus "count0[3]" found using same base name as "count", which might lead to a name conflict.
Warning (275083): Bus "count0[2]" found using same base name as "count", which might lead to a name conflict.
Warning (275083): Bus "count0[1]" found using same base name as "count", which might lead to a name conflict.
Warning (275083): Bus "count0[0]" found using same base name as "count", which might lead to a name conflict.
Warning (275083): Bus "count1[3]" found using same base name as "count", which might lead to a name conflict.
Warning (275083): Bus "count1[2]" found using same base name as "count", which might lead to a name conflict.
Warning (275083): Bus "count1[1]" found using same base name as "count", which might lead to a name conflict.
Warning (275083): Bus "count1[0]" found using same base name as "count", which might lead to a name conflict.
Warning (275083): Bus "count2[3]" found using same base name as "count", which might lead to a name conflict.
Warning (275083): Bus "count2[2]" found using same base name as "count", which might lead to a name conflict.
Warning (275083): Bus "count2[1]" found using same base name as "count", which might lead to a name conflict.
Warning (275083): Bus "count2[0]" found using same base name as "count", which might lead to a name conflict.
Warning (275083): Bus "count3[3]" found using same base name as "count", which might lead to a name conflict.
Warning (275083): Bus "count3[2]" found using same base name as "count", which might lead to a name conflict.
Warning (275083): Bus "count3[1]" found using same base name as "count", which might lead to a name conflict.
Warning (275083): Bus "count3[0]" found using same base name as "count", which might lead to a name conflict.
Warning (275083): Bus "count1[3..0]" found using same base name as "count", which might lead to a name conflict.
Warning (275083): Bus "count2[3..0]" found using same base name as "count", which might lead to a name conflict.
Warning (275083): Bus "count3[3..0]" found using same base name as "count", which might lead to a name conflict.
Warning (275080): Converted elements in bus name "count" using legacy naming rules. Make any assignments on the new names, not on the original names.
    Warning (275081): Converted element name(s) from "count[3..0]" to "count3..0"
    Warning (275081): Converted element name(s) from "count[3]" to "count3"
    Warning (275081): Converted element name(s) from "count[2]" to "count2"
    Warning (275081): Converted element name(s) from "count[1]" to "count1"
    Warning (275081): Converted element name(s) from "count[0]" to "count0"
Warning (275080): Converted elements in bus name "count0" using legacy naming rules. Make any assignments on the new names, not on the original names.
    Warning (275081): Converted element name(s) from "count0[3..0]" to "count03..0"
    Warning (275081): Converted element name(s) from "count0[3]" to "count03"
    Warning (275081): Converted element name(s) from "count0[2]" to "count02"
    Warning (275081): Converted element name(s) from "count0[1]" to "count01"
    Warning (275081): Converted element name(s) from "count0[0]" to "count00"
Warning (275080): Converted elements in bus name "count1" using legacy naming rules. Make any assignments on the new names, not on the original names.
    Warning (275081): Converted element name(s) from "count1[3]" to "count13"
    Warning (275081): Converted element name(s) from "count1[2]" to "count12"
    Warning (275081): Converted element name(s) from "count1[1]" to "count11"
    Warning (275081): Converted element name(s) from "count1[0]" to "count10"
    Warning (275081): Converted element name(s) from "count1[3..0]" to "count13..0"
Warning (275080): Converted elements in bus name "count2" using legacy naming rules. Make any assignments on the new names, not on the original names.
    Warning (275081): Converted element name(s) from "count2[3]" to "count23"
    Warning (275081): Converted element name(s) from "count2[2]" to "count22"
    Warning (275081): Converted element name(s) from "count2[1]" to "count21"
    Warning (275081): Converted element name(s) from "count2[0]" to "count20"
    Warning (275081): Converted element name(s) from "count2[3..0]" to "count23..0"
Warning (275080): Converted elements in bus name "count3" using legacy naming rules. Make any assignments on the new names, not on the original names.
    Warning (275081): Converted element name(s) from "count3[3]" to "count33"
    Warning (275081): Converted element name(s) from "count3[2]" to "count32"
    Warning (275081): Converted element name(s) from "count3[1]" to "count31"
    Warning (275081): Converted element name(s) from "count3[0]" to "count30"
    Warning (275081): Converted element name(s) from "count3[3..0]" to "count33..0"
Info (12128): Elaborating entity "contador0_9" for hierarchy "cronometro:inst4|contador0_9:inst11"
Info (12128): Elaborating entity "fdiv_cronometro" for hierarchy "cronometro:inst4|fdiv_cronometro:inst13"
Info (12128): Elaborating entity "contador0_5" for hierarchy "cronometro:inst4|contador0_5:inst21"
Info (12128): Elaborating entity "relogio" for hierarchy "relogio:inst5"
Warning (275083): Bus "count0[3..0]" found using same base name as "count", which might lead to a name conflict.
Warning (275083): Bus "count0[3]" found using same base name as "count", which might lead to a name conflict.
Warning (275083): Bus "count0[2]" found using same base name as "count", which might lead to a name conflict.
Warning (275083): Bus "count0[1]" found using same base name as "count", which might lead to a name conflict.
Warning (275083): Bus "count0[0]" found using same base name as "count", which might lead to a name conflict.
Warning (275083): Bus "count1[3..0]" found using same base name as "count", which might lead to a name conflict.
Warning (275083): Bus "count1[3]" found using same base name as "count", which might lead to a name conflict.
Warning (275083): Bus "count1[2]" found using same base name as "count", which might lead to a name conflict.
Warning (275083): Bus "count1[1]" found using same base name as "count", which might lead to a name conflict.
Warning (275083): Bus "count1[0]" found using same base name as "count", which might lead to a name conflict.
Warning (275083): Bus "count2[3]" found using same base name as "count", which might lead to a name conflict.
Warning (275083): Bus "count2[2]" found using same base name as "count", which might lead to a name conflict.
Warning (275083): Bus "count2[1]" found using same base name as "count", which might lead to a name conflict.
Warning (275083): Bus "count2[0]" found using same base name as "count", which might lead to a name conflict.
Warning (275083): Bus "count3[3]" found using same base name as "count", which might lead to a name conflict.
Warning (275083): Bus "count3[3..0]" found using same base name as "count", which might lead to a name conflict.
Warning (275083): Bus "count2[3..0]" found using same base name as "count", which might lead to a name conflict.
Warning (275083): Bus "count3[0]" found using same base name as "count", which might lead to a name conflict.
Warning (275083): Bus "count3[1]" found using same base name as "count", which might lead to a name conflict.
Warning (275083): Bus "count3[2]" found using same base name as "count", which might lead to a name conflict.
Warning (275080): Converted elements in bus name "count" using legacy naming rules. Make any assignments on the new names, not on the original names.
    Warning (275081): Converted element name(s) from "count[3..0]" to "count3..0"
    Warning (275081): Converted element name(s) from "count[3]" to "count3"
    Warning (275081): Converted element name(s) from "count[2]" to "count2"
    Warning (275081): Converted element name(s) from "count[1]" to "count1"
    Warning (275081): Converted element name(s) from "count[0]" to "count0"
Warning (275080): Converted elements in bus name "count0" using legacy naming rules. Make any assignments on the new names, not on the original names.
    Warning (275081): Converted element name(s) from "count0[3..0]" to "count03..0"
    Warning (275081): Converted element name(s) from "count0[3]" to "count03"
    Warning (275081): Converted element name(s) from "count0[2]" to "count02"
    Warning (275081): Converted element name(s) from "count0[1]" to "count01"
    Warning (275081): Converted element name(s) from "count0[0]" to "count00"
Warning (275080): Converted elements in bus name "count1" using legacy naming rules. Make any assignments on the new names, not on the original names.
    Warning (275081): Converted element name(s) from "count1[3..0]" to "count13..0"
    Warning (275081): Converted element name(s) from "count1[3]" to "count13"
    Warning (275081): Converted element name(s) from "count1[2]" to "count12"
    Warning (275081): Converted element name(s) from "count1[1]" to "count11"
    Warning (275081): Converted element name(s) from "count1[0]" to "count10"
Warning (275080): Converted elements in bus name "count2" using legacy naming rules. Make any assignments on the new names, not on the original names.
    Warning (275081): Converted element name(s) from "count2[3]" to "count23"
    Warning (275081): Converted element name(s) from "count2[2]" to "count22"
    Warning (275081): Converted element name(s) from "count2[1]" to "count21"
    Warning (275081): Converted element name(s) from "count2[0]" to "count20"
    Warning (275081): Converted element name(s) from "count2[3..0]" to "count23..0"
Warning (275080): Converted elements in bus name "count3" using legacy naming rules. Make any assignments on the new names, not on the original names.
    Warning (275081): Converted element name(s) from "count3[3]" to "count33"
    Warning (275081): Converted element name(s) from "count3[3..0]" to "count33..0"
    Warning (275081): Converted element name(s) from "count3[0]" to "count30"
    Warning (275081): Converted element name(s) from "count3[1]" to "count31"
    Warning (275081): Converted element name(s) from "count3[2]" to "count32"
Info (12128): Elaborating entity "fdiv_relogio" for hierarchy "relogio:inst5|fdiv_relogio:inst49"
Info (12128): Elaborating entity "contador0_2" for hierarchy "relogio:inst5|contador0_2:inst45"
Info (13000): Registers with preset signals will power-up high
Info (13003): DEV_CLRn pin will set, and not reset, register with preset signal due to NOT Gate Push-Back
Info (16010): Generating hard_block partition "hard_block:auto_generated_inst"
    Info (16011): Adding 0 node(s), including 0 DDIO, 0 PLL, 0 transceiver and 0 LCELL
Info (21057): Implemented 562 device resources after synthesis - the final resource count might be different
    Info (21058): Implemented 7 input pins
    Info (21059): Implemented 57 output pins
    Info (21061): Implemented 498 logic cells
Info: Quartus II 64-Bit Analysis & Synthesis was successful. 0 errors, 159 warnings
    Info: Peak virtual memory: 4603 megabytes
    Info: Processing ended: Fri Sep 20 13:04:20 2024
    Info: Elapsed time: 00:00:06
    Info: Total CPU time (on all processors): 00:00:01


