Simulator report for Relogio
Thu Sep 19 09:05:37 2024
Quartus II 64-Bit Version 13.0.1 Build 232 06/12/2013 Service Pack 1 SJ Web Edition


---------------------
; Table of Contents ;
---------------------
  1. Legal Notice
  2. Simulator Summary
  3. Simulator Settings
  4. Simulation Waveforms
  5. Coverage Summary
  6. Complete 1/0-Value Coverage
  7. Missing 1-Value Coverage
  8. Missing 0-Value Coverage
  9. Simulator INI Usage
 10. Simulator Messages



----------------
; Legal Notice ;
----------------
Copyright (C) 1991-2013 Altera Corporation
Your use of Altera Corporation's design tools, logic functions 
and other software and tools, and its AMPP partner logic 
functions, and any output files from any of the foregoing 
(including device programming or simulation files), and any 
associated documentation or information are expressly subject 
to the terms and conditions of the Altera Program License 
Subscription Agreement, Altera MegaCore Function License 
Agreement, or other applicable license agreement, including, 
without limitation, that your use is for the sole purpose of 
programming logic devices manufactured by Altera and sold by 
Altera or its authorized distributors.  Please refer to the 
applicable agreement for further details.



+--------------------------------------------+
; Simulator Summary                          ;
+-----------------------------+--------------+
; Type                        ; Value        ;
+-----------------------------+--------------+
; Simulation Start Time       ; 0 ps         ;
; Simulation End Time         ; 1.0 us       ;
; Simulation Netlist Size     ; 267 nodes    ;
; Simulation Coverage         ;       0.37 % ;
; Total Number of Transitions ; 1998         ;
; Simulation Breakpoints      ; 0            ;
; Family                      ; Cyclone II   ;
+-----------------------------+--------------+


+-----------------------------------------------------------------------------------------------------------------------------------------------------------+
; Simulator Settings                                                                                                                                        ;
+--------------------------------------------------------------------------------------------+----------------------------------------------+---------------+
; Option                                                                                     ; Setting                                      ; Default Value ;
+--------------------------------------------------------------------------------------------+----------------------------------------------+---------------+
; Simulation mode                                                                            ; Functional                                   ; Timing        ;
; Start time                                                                                 ; 0 ns                                         ; 0 ns          ;
; Simulation results format                                                                  ; VWF                                          ;               ;
; Vector input source                                                                        ; E:/Projeto_Final2/output_files/Waveform1.vwf ;               ;
; Add pins automatically to simulation output waveforms                                      ; On                                           ; On            ;
; Check outputs                                                                              ; Off                                          ; Off           ;
; Report simulation coverage                                                                 ; On                                           ; On            ;
; Display complete 1/0 value coverage report                                                 ; On                                           ; On            ;
; Display missing 1-value coverage report                                                    ; On                                           ; On            ;
; Display missing 0-value coverage report                                                    ; On                                           ; On            ;
; Detect setup and hold time violations                                                      ; Off                                          ; Off           ;
; Detect glitches                                                                            ; Off                                          ; Off           ;
; Disable timing delays in Timing Simulation                                                 ; Off                                          ; Off           ;
; Generate Signal Activity File                                                              ; Off                                          ; Off           ;
; Generate VCD File for PowerPlay Power Analyzer                                             ; Off                                          ; Off           ;
; Group bus channels in simulation results                                                   ; Off                                          ; Off           ;
; Preserve fewer signal transitions to reduce memory requirements                            ; On                                           ; On            ;
; Trigger vector comparison with the specified mode                                          ; INPUT_EDGE                                   ; INPUT_EDGE    ;
; Disable setup and hold time violations detection in input registers of bi-directional pins ; Off                                          ; Off           ;
; Overwrite Waveform Inputs With Simulation Outputs                                          ; Off                                          ;               ;
; Perform Glitch Filtering in Timing Simulation                                              ; Auto                                         ; Auto          ;
+--------------------------------------------------------------------------------------------+----------------------------------------------+---------------+


+----------------------+
; Simulation Waveforms ;
+----------------------+
Waveform report data cannot be output to ASCII.
Please use Quartus II 64-Bit to view the waveform report data.


+--------------------------------------------------------------------+
; Coverage Summary                                                   ;
+-----------------------------------------------------+--------------+
; Type                                                ; Value        ;
+-----------------------------------------------------+--------------+
; Total coverage as a percentage                      ;       0.37 % ;
; Total nodes checked                                 ; 267          ;
; Total output ports checked                          ; 267          ;
; Total output ports with complete 1/0-value coverage ; 1            ;
; Total output ports with no 1/0-value coverage       ; 266          ;
; Total output ports with no 1-value coverage         ; 266          ;
; Total output ports with no 0-value coverage         ; 266          ;
+-----------------------------------------------------+--------------+


The following table displays output ports that toggle between 1 and 0 during simulation.
+----------------------------------------------------------------+
; Complete 1/0-Value Coverage                                    ;
+----------------------+----------------------+------------------+
; Node Name            ; Output Port Name     ; Output Port Type ;
+----------------------+----------------------+------------------+
; |cronometro|CLOCK_50 ; |cronometro|CLOCK_50 ; out              ;
+----------------------+----------------------+------------------+


The following table displays output ports that do not toggle to 1 during simulation.
+------------------------------------------------------------------------------------------------------+
; Missing 1-Value Coverage                                                                             ;
+-----------------------------------------+-----------------------------------------+------------------+
; Node Name                               ; Output Port Name                        ; Output Port Type ;
+-----------------------------------------+-----------------------------------------+------------------+
; |cronometro|HEX0[6]                     ; |cronometro|HEX0[6]                     ; pin_out          ;
; |cronometro|HEX0[5]                     ; |cronometro|HEX0[5]                     ; pin_out          ;
; |cronometro|HEX0[4]                     ; |cronometro|HEX0[4]                     ; pin_out          ;
; |cronometro|HEX0[3]                     ; |cronometro|HEX0[3]                     ; pin_out          ;
; |cronometro|HEX0[2]                     ; |cronometro|HEX0[2]                     ; pin_out          ;
; |cronometro|HEX0[1]                     ; |cronometro|HEX0[1]                     ; pin_out          ;
; |cronometro|HEX0[0]                     ; |cronometro|HEX0[0]                     ; pin_out          ;
; |cronometro|inst41                      ; |cronometro|inst41                      ; out0             ;
; |cronometro|KEY[3]                      ; |cronometro|KEY[3]                      ; out              ;
; |cronometro|KEY[2]                      ; |cronometro|KEY[2]                      ; out              ;
; |cronometro|HEX1[6]                     ; |cronometro|HEX1[6]                     ; pin_out          ;
; |cronometro|HEX1[5]                     ; |cronometro|HEX1[5]                     ; pin_out          ;
; |cronometro|HEX1[4]                     ; |cronometro|HEX1[4]                     ; pin_out          ;
; |cronometro|HEX1[3]                     ; |cronometro|HEX1[3]                     ; pin_out          ;
; |cronometro|HEX1[2]                     ; |cronometro|HEX1[2]                     ; pin_out          ;
; |cronometro|HEX1[1]                     ; |cronometro|HEX1[1]                     ; pin_out          ;
; |cronometro|HEX1[0]                     ; |cronometro|HEX1[0]                     ; pin_out          ;
; |cronometro|inst6                       ; |cronometro|inst6                       ; out0             ;
; |cronometro|HEX2[6]                     ; |cronometro|HEX2[6]                     ; pin_out          ;
; |cronometro|HEX2[5]                     ; |cronometro|HEX2[5]                     ; pin_out          ;
; |cronometro|HEX2[4]                     ; |cronometro|HEX2[4]                     ; pin_out          ;
; |cronometro|HEX2[3]                     ; |cronometro|HEX2[3]                     ; pin_out          ;
; |cronometro|HEX2[2]                     ; |cronometro|HEX2[2]                     ; pin_out          ;
; |cronometro|HEX2[1]                     ; |cronometro|HEX2[1]                     ; pin_out          ;
; |cronometro|HEX2[0]                     ; |cronometro|HEX2[0]                     ; pin_out          ;
; |cronometro|inst4                       ; |cronometro|inst4                       ; out0             ;
; |cronometro|HEX3[6]                     ; |cronometro|HEX3[6]                     ; pin_out          ;
; |cronometro|HEX3[5]                     ; |cronometro|HEX3[5]                     ; pin_out          ;
; |cronometro|HEX3[4]                     ; |cronometro|HEX3[4]                     ; pin_out          ;
; |cronometro|HEX3[3]                     ; |cronometro|HEX3[3]                     ; pin_out          ;
; |cronometro|HEX3[2]                     ; |cronometro|HEX3[2]                     ; pin_out          ;
; |cronometro|HEX3[1]                     ; |cronometro|HEX3[1]                     ; pin_out          ;
; |cronometro|HEX3[0]                     ; |cronometro|HEX3[0]                     ; pin_out          ;
; |cronometro|inst16                      ; |cronometro|inst16                      ; out0             ;
; |cronometro|HEX4[6]                     ; |cronometro|HEX4[6]                     ; pin_out          ;
; |cronometro|HEX4[5]                     ; |cronometro|HEX4[5]                     ; pin_out          ;
; |cronometro|HEX4[4]                     ; |cronometro|HEX4[4]                     ; pin_out          ;
; |cronometro|HEX4[3]                     ; |cronometro|HEX4[3]                     ; pin_out          ;
; |cronometro|HEX4[2]                     ; |cronometro|HEX4[2]                     ; pin_out          ;
; |cronometro|HEX4[1]                     ; |cronometro|HEX4[1]                     ; pin_out          ;
; |cronometro|HEX4[0]                     ; |cronometro|HEX4[0]                     ; pin_out          ;
; |cronometro|inst24                      ; |cronometro|inst24                      ; out0             ;
; |cronometro|HEX5[6]                     ; |cronometro|HEX5[6]                     ; pin_out          ;
; |cronometro|HEX5[5]                     ; |cronometro|HEX5[5]                     ; pin_out          ;
; |cronometro|HEX5[4]                     ; |cronometro|HEX5[4]                     ; pin_out          ;
; |cronometro|HEX5[3]                     ; |cronometro|HEX5[3]                     ; pin_out          ;
; |cronometro|HEX5[2]                     ; |cronometro|HEX5[2]                     ; pin_out          ;
; |cronometro|HEX5[1]                     ; |cronometro|HEX5[1]                     ; pin_out          ;
; |cronometro|HEX5[0]                     ; |cronometro|HEX5[0]                     ; pin_out          ;
; |cronometro|inst30                      ; |cronometro|inst30                      ; out0             ;
; |cronometro|contador0_5:inst36|count[0] ; |cronometro|contador0_5:inst36|count[0] ; regout           ;
; |cronometro|contador0_5:inst36|count~0  ; |cronometro|contador0_5:inst36|count~0  ; out              ;
; |cronometro|contador0_5:inst36|count~1  ; |cronometro|contador0_5:inst36|count~1  ; out              ;
; |cronometro|contador0_5:inst36|count~2  ; |cronometro|contador0_5:inst36|count~2  ; out              ;
; |cronometro|contador0_5:inst36|count~3  ; |cronometro|contador0_5:inst36|count~3  ; out              ;
; |cronometro|contador0_5:inst36|count[3] ; |cronometro|contador0_5:inst36|count[3] ; regout           ;
; |cronometro|contador0_5:inst36|count[2] ; |cronometro|contador0_5:inst36|count[2] ; regout           ;
; |cronometro|contador0_5:inst36|count[1] ; |cronometro|contador0_5:inst36|count[1] ; regout           ;
; |cronometro|decoder7:inst|WideOr0       ; |cronometro|decoder7:inst|WideOr0       ; out0             ;
; |cronometro|decoder7:inst|WideOr1       ; |cronometro|decoder7:inst|WideOr1       ; out0             ;
; |cronometro|decoder7:inst|WideOr2       ; |cronometro|decoder7:inst|WideOr2       ; out0             ;
; |cronometro|decoder7:inst|WideOr3       ; |cronometro|decoder7:inst|WideOr3       ; out0             ;
; |cronometro|decoder7:inst|WideOr4       ; |cronometro|decoder7:inst|WideOr4       ; out0             ;
; |cronometro|decoder7:inst|WideOr5       ; |cronometro|decoder7:inst|WideOr5       ; out0             ;
; |cronometro|decoder7:inst|WideOr6       ; |cronometro|decoder7:inst|WideOr6       ; out0             ;
; |cronometro|contador0_9:inst29|count[0] ; |cronometro|contador0_9:inst29|count[0] ; regout           ;
; |cronometro|contador0_9:inst29|count~0  ; |cronometro|contador0_9:inst29|count~0  ; out              ;
; |cronometro|contador0_9:inst29|count~1  ; |cronometro|contador0_9:inst29|count~1  ; out              ;
; |cronometro|contador0_9:inst29|count~2  ; |cronometro|contador0_9:inst29|count~2  ; out              ;
; |cronometro|contador0_9:inst29|count~3  ; |cronometro|contador0_9:inst29|count~3  ; out              ;
; |cronometro|contador0_9:inst29|count[3] ; |cronometro|contador0_9:inst29|count[3] ; regout           ;
; |cronometro|contador0_9:inst29|count[2] ; |cronometro|contador0_9:inst29|count[2] ; regout           ;
; |cronometro|contador0_9:inst29|count[1] ; |cronometro|contador0_9:inst29|count[1] ; regout           ;
; |cronometro|decoder7:inst35|WideOr0     ; |cronometro|decoder7:inst35|WideOr0     ; out0             ;
; |cronometro|decoder7:inst35|WideOr1     ; |cronometro|decoder7:inst35|WideOr1     ; out0             ;
; |cronometro|decoder7:inst35|WideOr2     ; |cronometro|decoder7:inst35|WideOr2     ; out0             ;
; |cronometro|decoder7:inst35|WideOr3     ; |cronometro|decoder7:inst35|WideOr3     ; out0             ;
; |cronometro|decoder7:inst35|WideOr4     ; |cronometro|decoder7:inst35|WideOr4     ; out0             ;
; |cronometro|decoder7:inst35|WideOr5     ; |cronometro|decoder7:inst35|WideOr5     ; out0             ;
; |cronometro|decoder7:inst35|WideOr6     ; |cronometro|decoder7:inst35|WideOr6     ; out0             ;
; |cronometro|contador0_5:inst21|count[0] ; |cronometro|contador0_5:inst21|count[0] ; regout           ;
; |cronometro|contador0_5:inst21|count~0  ; |cronometro|contador0_5:inst21|count~0  ; out              ;
; |cronometro|contador0_5:inst21|count~1  ; |cronometro|contador0_5:inst21|count~1  ; out              ;
; |cronometro|contador0_5:inst21|count~2  ; |cronometro|contador0_5:inst21|count~2  ; out              ;
; |cronometro|contador0_5:inst21|count~3  ; |cronometro|contador0_5:inst21|count~3  ; out              ;
; |cronometro|contador0_5:inst21|count[3] ; |cronometro|contador0_5:inst21|count[3] ; regout           ;
; |cronometro|contador0_5:inst21|count[2] ; |cronometro|contador0_5:inst21|count[2] ; regout           ;
; |cronometro|contador0_5:inst21|count[1] ; |cronometro|contador0_5:inst21|count[1] ; regout           ;
; |cronometro|decoder7:inst22|WideOr0     ; |cronometro|decoder7:inst22|WideOr0     ; out0             ;
; |cronometro|decoder7:inst22|WideOr1     ; |cronometro|decoder7:inst22|WideOr1     ; out0             ;
; |cronometro|decoder7:inst22|WideOr2     ; |cronometro|decoder7:inst22|WideOr2     ; out0             ;
; |cronometro|decoder7:inst22|WideOr3     ; |cronometro|decoder7:inst22|WideOr3     ; out0             ;
; |cronometro|decoder7:inst22|WideOr4     ; |cronometro|decoder7:inst22|WideOr4     ; out0             ;
; |cronometro|decoder7:inst22|WideOr5     ; |cronometro|decoder7:inst22|WideOr5     ; out0             ;
; |cronometro|decoder7:inst22|WideOr6     ; |cronometro|decoder7:inst22|WideOr6     ; out0             ;
; |cronometro|contador0_5:inst3|count[0]  ; |cronometro|contador0_5:inst3|count[0]  ; regout           ;
; |cronometro|contador0_5:inst3|count~0   ; |cronometro|contador0_5:inst3|count~0   ; out              ;
; |cronometro|contador0_5:inst3|count~1   ; |cronometro|contador0_5:inst3|count~1   ; out              ;
; |cronometro|contador0_5:inst3|count~2   ; |cronometro|contador0_5:inst3|count~2   ; out              ;
; |cronometro|contador0_5:inst3|count~3   ; |cronometro|contador0_5:inst3|count~3   ; out              ;
; |cronometro|contador0_5:inst3|count[3]  ; |cronometro|contador0_5:inst3|count[3]  ; regout           ;
; |cronometro|contador0_5:inst3|count[2]  ; |cronometro|contador0_5:inst3|count[2]  ; regout           ;
; |cronometro|contador0_5:inst3|count[1]  ; |cronometro|contador0_5:inst3|count[1]  ; regout           ;
; |cronometro|decoder7:inst14|WideOr0     ; |cronometro|decoder7:inst14|WideOr0     ; out0             ;
; |cronometro|decoder7:inst14|WideOr1     ; |cronometro|decoder7:inst14|WideOr1     ; out0             ;
; |cronometro|decoder7:inst14|WideOr2     ; |cronometro|decoder7:inst14|WideOr2     ; out0             ;
; |cronometro|decoder7:inst14|WideOr3     ; |cronometro|decoder7:inst14|WideOr3     ; out0             ;
; |cronometro|decoder7:inst14|WideOr4     ; |cronometro|decoder7:inst14|WideOr4     ; out0             ;
; |cronometro|decoder7:inst14|WideOr5     ; |cronometro|decoder7:inst14|WideOr5     ; out0             ;
; |cronometro|decoder7:inst14|WideOr6     ; |cronometro|decoder7:inst14|WideOr6     ; out0             ;
; |cronometro|contador0_9:inst1|count[0]  ; |cronometro|contador0_9:inst1|count[0]  ; regout           ;
; |cronometro|contador0_9:inst1|count~0   ; |cronometro|contador0_9:inst1|count~0   ; out              ;
; |cronometro|contador0_9:inst1|count~1   ; |cronometro|contador0_9:inst1|count~1   ; out              ;
; |cronometro|contador0_9:inst1|count~2   ; |cronometro|contador0_9:inst1|count~2   ; out              ;
; |cronometro|contador0_9:inst1|count~3   ; |cronometro|contador0_9:inst1|count~3   ; out              ;
; |cronometro|contador0_9:inst1|count[3]  ; |cronometro|contador0_9:inst1|count[3]  ; regout           ;
; |cronometro|contador0_9:inst1|count[2]  ; |cronometro|contador0_9:inst1|count[2]  ; regout           ;
; |cronometro|contador0_9:inst1|count[1]  ; |cronometro|contador0_9:inst1|count[1]  ; regout           ;
; |cronometro|decoder7:inst12|WideOr0     ; |cronometro|decoder7:inst12|WideOr0     ; out0             ;
; |cronometro|decoder7:inst12|WideOr1     ; |cronometro|decoder7:inst12|WideOr1     ; out0             ;
; |cronometro|decoder7:inst12|WideOr2     ; |cronometro|decoder7:inst12|WideOr2     ; out0             ;
; |cronometro|decoder7:inst12|WideOr3     ; |cronometro|decoder7:inst12|WideOr3     ; out0             ;
; |cronometro|decoder7:inst12|WideOr4     ; |cronometro|decoder7:inst12|WideOr4     ; out0             ;
; |cronometro|decoder7:inst12|WideOr5     ; |cronometro|decoder7:inst12|WideOr5     ; out0             ;
; |cronometro|decoder7:inst12|WideOr6     ; |cronometro|decoder7:inst12|WideOr6     ; out0             ;
; |cronometro|contador0_9:inst11|count[0] ; |cronometro|contador0_9:inst11|count[0] ; regout           ;
; |cronometro|contador0_9:inst11|count~0  ; |cronometro|contador0_9:inst11|count~0  ; out              ;
; |cronometro|contador0_9:inst11|count~1  ; |cronometro|contador0_9:inst11|count~1  ; out              ;
; |cronometro|contador0_9:inst11|count~2  ; |cronometro|contador0_9:inst11|count~2  ; out              ;
; |cronometro|contador0_9:inst11|count~3  ; |cronometro|contador0_9:inst11|count~3  ; out              ;
; |cronometro|contador0_9:inst11|count[3] ; |cronometro|contador0_9:inst11|count[3] ; regout           ;
; |cronometro|contador0_9:inst11|count[2] ; |cronometro|contador0_9:inst11|count[2] ; regout           ;
; |cronometro|contador0_9:inst11|count[1] ; |cronometro|contador0_9:inst11|count[1] ; regout           ;
; |cronometro|decoder7:inst15|WideOr0     ; |cronometro|decoder7:inst15|WideOr0     ; out0             ;
; |cronometro|decoder7:inst15|WideOr1     ; |cronometro|decoder7:inst15|WideOr1     ; out0             ;
; |cronometro|decoder7:inst15|WideOr2     ; |cronometro|decoder7:inst15|WideOr2     ; out0             ;
; |cronometro|decoder7:inst15|WideOr3     ; |cronometro|decoder7:inst15|WideOr3     ; out0             ;
; |cronometro|decoder7:inst15|WideOr4     ; |cronometro|decoder7:inst15|WideOr4     ; out0             ;
; |cronometro|decoder7:inst15|WideOr5     ; |cronometro|decoder7:inst15|WideOr5     ; out0             ;
; |cronometro|decoder7:inst15|WideOr6     ; |cronometro|decoder7:inst15|WideOr6     ; out0             ;
; |cronometro|decoder7:inst|Decoder0~0    ; |cronometro|decoder7:inst|Decoder0~0    ; out              ;
; |cronometro|decoder7:inst|Decoder0~1    ; |cronometro|decoder7:inst|Decoder0~1    ; out              ;
; |cronometro|decoder7:inst|Decoder0~2    ; |cronometro|decoder7:inst|Decoder0~2    ; out              ;
; |cronometro|decoder7:inst|Decoder0~3    ; |cronometro|decoder7:inst|Decoder0~3    ; out              ;
; |cronometro|decoder7:inst|Decoder0~4    ; |cronometro|decoder7:inst|Decoder0~4    ; out              ;
; |cronometro|decoder7:inst|Decoder0~5    ; |cronometro|decoder7:inst|Decoder0~5    ; out              ;
; |cronometro|decoder7:inst|Decoder0~6    ; |cronometro|decoder7:inst|Decoder0~6    ; out              ;
; |cronometro|decoder7:inst|Decoder0~7    ; |cronometro|decoder7:inst|Decoder0~7    ; out              ;
; |cronometro|decoder7:inst|Decoder0~8    ; |cronometro|decoder7:inst|Decoder0~8    ; out              ;
; |cronometro|decoder7:inst|Decoder0~9    ; |cronometro|decoder7:inst|Decoder0~9    ; out              ;
; |cronometro|decoder7:inst|Decoder0~10   ; |cronometro|decoder7:inst|Decoder0~10   ; out              ;
; |cronometro|decoder7:inst|Decoder0~11   ; |cronometro|decoder7:inst|Decoder0~11   ; out              ;
; |cronometro|decoder7:inst|Decoder0~12   ; |cronometro|decoder7:inst|Decoder0~12   ; out              ;
; |cronometro|decoder7:inst|Decoder0~13   ; |cronometro|decoder7:inst|Decoder0~13   ; out              ;
; |cronometro|decoder7:inst|Decoder0~14   ; |cronometro|decoder7:inst|Decoder0~14   ; out              ;
; |cronometro|decoder7:inst35|Decoder0~0  ; |cronometro|decoder7:inst35|Decoder0~0  ; out              ;
; |cronometro|decoder7:inst35|Decoder0~1  ; |cronometro|decoder7:inst35|Decoder0~1  ; out              ;
; |cronometro|decoder7:inst35|Decoder0~2  ; |cronometro|decoder7:inst35|Decoder0~2  ; out              ;
; |cronometro|decoder7:inst35|Decoder0~3  ; |cronometro|decoder7:inst35|Decoder0~3  ; out              ;
; |cronometro|decoder7:inst35|Decoder0~4  ; |cronometro|decoder7:inst35|Decoder0~4  ; out              ;
; |cronometro|decoder7:inst35|Decoder0~5  ; |cronometro|decoder7:inst35|Decoder0~5  ; out              ;
; |cronometro|decoder7:inst35|Decoder0~6  ; |cronometro|decoder7:inst35|Decoder0~6  ; out              ;
; |cronometro|decoder7:inst35|Decoder0~7  ; |cronometro|decoder7:inst35|Decoder0~7  ; out              ;
; |cronometro|decoder7:inst35|Decoder0~8  ; |cronometro|decoder7:inst35|Decoder0~8  ; out              ;
; |cronometro|decoder7:inst35|Decoder0~9  ; |cronometro|decoder7:inst35|Decoder0~9  ; out              ;
; |cronometro|decoder7:inst35|Decoder0~10 ; |cronometro|decoder7:inst35|Decoder0~10 ; out              ;
; |cronometro|decoder7:inst35|Decoder0~11 ; |cronometro|decoder7:inst35|Decoder0~11 ; out              ;
; |cronometro|decoder7:inst35|Decoder0~12 ; |cronometro|decoder7:inst35|Decoder0~12 ; out              ;
; |cronometro|decoder7:inst35|Decoder0~13 ; |cronometro|decoder7:inst35|Decoder0~13 ; out              ;
; |cronometro|decoder7:inst35|Decoder0~14 ; |cronometro|decoder7:inst35|Decoder0~14 ; out              ;
; |cronometro|decoder7:inst22|Decoder0~0  ; |cronometro|decoder7:inst22|Decoder0~0  ; out              ;
; |cronometro|decoder7:inst22|Decoder0~1  ; |cronometro|decoder7:inst22|Decoder0~1  ; out              ;
; |cronometro|decoder7:inst22|Decoder0~2  ; |cronometro|decoder7:inst22|Decoder0~2  ; out              ;
; |cronometro|decoder7:inst22|Decoder0~3  ; |cronometro|decoder7:inst22|Decoder0~3  ; out              ;
; |cronometro|decoder7:inst22|Decoder0~4  ; |cronometro|decoder7:inst22|Decoder0~4  ; out              ;
; |cronometro|decoder7:inst22|Decoder0~5  ; |cronometro|decoder7:inst22|Decoder0~5  ; out              ;
; |cronometro|decoder7:inst22|Decoder0~6  ; |cronometro|decoder7:inst22|Decoder0~6  ; out              ;
; |cronometro|decoder7:inst22|Decoder0~7  ; |cronometro|decoder7:inst22|Decoder0~7  ; out              ;
; |cronometro|decoder7:inst22|Decoder0~8  ; |cronometro|decoder7:inst22|Decoder0~8  ; out              ;
; |cronometro|decoder7:inst22|Decoder0~9  ; |cronometro|decoder7:inst22|Decoder0~9  ; out              ;
; |cronometro|decoder7:inst22|Decoder0~10 ; |cronometro|decoder7:inst22|Decoder0~10 ; out              ;
; |cronometro|decoder7:inst22|Decoder0~11 ; |cronometro|decoder7:inst22|Decoder0~11 ; out              ;
; |cronometro|decoder7:inst22|Decoder0~12 ; |cronometro|decoder7:inst22|Decoder0~12 ; out              ;
; |cronometro|decoder7:inst22|Decoder0~13 ; |cronometro|decoder7:inst22|Decoder0~13 ; out              ;
; |cronometro|decoder7:inst22|Decoder0~14 ; |cronometro|decoder7:inst22|Decoder0~14 ; out              ;
; |cronometro|decoder7:inst14|Decoder0~0  ; |cronometro|decoder7:inst14|Decoder0~0  ; out              ;
; |cronometro|decoder7:inst14|Decoder0~1  ; |cronometro|decoder7:inst14|Decoder0~1  ; out              ;
; |cronometro|decoder7:inst14|Decoder0~2  ; |cronometro|decoder7:inst14|Decoder0~2  ; out              ;
; |cronometro|decoder7:inst14|Decoder0~3  ; |cronometro|decoder7:inst14|Decoder0~3  ; out              ;
; |cronometro|decoder7:inst14|Decoder0~4  ; |cronometro|decoder7:inst14|Decoder0~4  ; out              ;
; |cronometro|decoder7:inst14|Decoder0~5  ; |cronometro|decoder7:inst14|Decoder0~5  ; out              ;
; |cronometro|decoder7:inst14|Decoder0~6  ; |cronometro|decoder7:inst14|Decoder0~6  ; out              ;
; |cronometro|decoder7:inst14|Decoder0~7  ; |cronometro|decoder7:inst14|Decoder0~7  ; out              ;
; |cronometro|decoder7:inst14|Decoder0~8  ; |cronometro|decoder7:inst14|Decoder0~8  ; out              ;
; |cronometro|decoder7:inst14|Decoder0~9  ; |cronometro|decoder7:inst14|Decoder0~9  ; out              ;
; |cronometro|decoder7:inst14|Decoder0~10 ; |cronometro|decoder7:inst14|Decoder0~10 ; out              ;
; |cronometro|decoder7:inst14|Decoder0~11 ; |cronometro|decoder7:inst14|Decoder0~11 ; out              ;
; |cronometro|decoder7:inst14|Decoder0~12 ; |cronometro|decoder7:inst14|Decoder0~12 ; out              ;
; |cronometro|decoder7:inst14|Decoder0~13 ; |cronometro|decoder7:inst14|Decoder0~13 ; out              ;
; |cronometro|decoder7:inst14|Decoder0~14 ; |cronometro|decoder7:inst14|Decoder0~14 ; out              ;
; |cronometro|decoder7:inst12|Decoder0~0  ; |cronometro|decoder7:inst12|Decoder0~0  ; out              ;
; |cronometro|decoder7:inst12|Decoder0~1  ; |cronometro|decoder7:inst12|Decoder0~1  ; out              ;
; |cronometro|decoder7:inst12|Decoder0~2  ; |cronometro|decoder7:inst12|Decoder0~2  ; out              ;
; |cronometro|decoder7:inst12|Decoder0~3  ; |cronometro|decoder7:inst12|Decoder0~3  ; out              ;
; |cronometro|decoder7:inst12|Decoder0~4  ; |cronometro|decoder7:inst12|Decoder0~4  ; out              ;
; |cronometro|decoder7:inst12|Decoder0~5  ; |cronometro|decoder7:inst12|Decoder0~5  ; out              ;
; |cronometro|decoder7:inst12|Decoder0~6  ; |cronometro|decoder7:inst12|Decoder0~6  ; out              ;
; |cronometro|decoder7:inst12|Decoder0~7  ; |cronometro|decoder7:inst12|Decoder0~7  ; out              ;
; |cronometro|decoder7:inst12|Decoder0~8  ; |cronometro|decoder7:inst12|Decoder0~8  ; out              ;
; |cronometro|decoder7:inst12|Decoder0~9  ; |cronometro|decoder7:inst12|Decoder0~9  ; out              ;
; |cronometro|decoder7:inst12|Decoder0~10 ; |cronometro|decoder7:inst12|Decoder0~10 ; out              ;
; |cronometro|decoder7:inst12|Decoder0~11 ; |cronometro|decoder7:inst12|Decoder0~11 ; out              ;
; |cronometro|decoder7:inst12|Decoder0~12 ; |cronometro|decoder7:inst12|Decoder0~12 ; out              ;
; |cronometro|decoder7:inst12|Decoder0~13 ; |cronometro|decoder7:inst12|Decoder0~13 ; out              ;
; |cronometro|decoder7:inst12|Decoder0~14 ; |cronometro|decoder7:inst12|Decoder0~14 ; out              ;
; |cronometro|decoder7:inst15|Decoder0~0  ; |cronometro|decoder7:inst15|Decoder0~0  ; out              ;
; |cronometro|decoder7:inst15|Decoder0~1  ; |cronometro|decoder7:inst15|Decoder0~1  ; out              ;
; |cronometro|decoder7:inst15|Decoder0~2  ; |cronometro|decoder7:inst15|Decoder0~2  ; out              ;
; |cronometro|decoder7:inst15|Decoder0~3  ; |cronometro|decoder7:inst15|Decoder0~3  ; out              ;
; |cronometro|decoder7:inst15|Decoder0~4  ; |cronometro|decoder7:inst15|Decoder0~4  ; out              ;
; |cronometro|decoder7:inst15|Decoder0~5  ; |cronometro|decoder7:inst15|Decoder0~5  ; out              ;
; |cronometro|decoder7:inst15|Decoder0~6  ; |cronometro|decoder7:inst15|Decoder0~6  ; out              ;
; |cronometro|decoder7:inst15|Decoder0~7  ; |cronometro|decoder7:inst15|Decoder0~7  ; out              ;
; |cronometro|decoder7:inst15|Decoder0~8  ; |cronometro|decoder7:inst15|Decoder0~8  ; out              ;
; |cronometro|decoder7:inst15|Decoder0~9  ; |cronometro|decoder7:inst15|Decoder0~9  ; out              ;
; |cronometro|decoder7:inst15|Decoder0~10 ; |cronometro|decoder7:inst15|Decoder0~10 ; out              ;
; |cronometro|decoder7:inst15|Decoder0~11 ; |cronometro|decoder7:inst15|Decoder0~11 ; out              ;
; |cronometro|decoder7:inst15|Decoder0~12 ; |cronometro|decoder7:inst15|Decoder0~12 ; out              ;
; |cronometro|decoder7:inst15|Decoder0~13 ; |cronometro|decoder7:inst15|Decoder0~13 ; out              ;
; |cronometro|decoder7:inst15|Decoder0~14 ; |cronometro|decoder7:inst15|Decoder0~14 ; out              ;
; |cronometro|contador0_5:inst36|Add0~0   ; |cronometro|contador0_5:inst36|Add0~0   ; out0             ;
; |cronometro|contador0_5:inst36|Add0~1   ; |cronometro|contador0_5:inst36|Add0~1   ; out0             ;
; |cronometro|contador0_5:inst36|Add0~2   ; |cronometro|contador0_5:inst36|Add0~2   ; out0             ;
; |cronometro|contador0_5:inst36|Add0~3   ; |cronometro|contador0_5:inst36|Add0~3   ; out0             ;
; |cronometro|contador0_5:inst36|Add0~4   ; |cronometro|contador0_5:inst36|Add0~4   ; out0             ;
; |cronometro|contador0_9:inst29|Add0~0   ; |cronometro|contador0_9:inst29|Add0~0   ; out0             ;
; |cronometro|contador0_9:inst29|Add0~1   ; |cronometro|contador0_9:inst29|Add0~1   ; out0             ;
; |cronometro|contador0_9:inst29|Add0~2   ; |cronometro|contador0_9:inst29|Add0~2   ; out0             ;
; |cronometro|contador0_9:inst29|Add0~3   ; |cronometro|contador0_9:inst29|Add0~3   ; out0             ;
; |cronometro|contador0_9:inst29|Add0~4   ; |cronometro|contador0_9:inst29|Add0~4   ; out0             ;
; |cronometro|contador0_5:inst21|Add0~0   ; |cronometro|contador0_5:inst21|Add0~0   ; out0             ;
; |cronometro|contador0_5:inst21|Add0~1   ; |cronometro|contador0_5:inst21|Add0~1   ; out0             ;
; |cronometro|contador0_5:inst21|Add0~2   ; |cronometro|contador0_5:inst21|Add0~2   ; out0             ;
; |cronometro|contador0_5:inst21|Add0~3   ; |cronometro|contador0_5:inst21|Add0~3   ; out0             ;
; |cronometro|contador0_5:inst21|Add0~4   ; |cronometro|contador0_5:inst21|Add0~4   ; out0             ;
; |cronometro|contador0_5:inst3|Add0~0    ; |cronometro|contador0_5:inst3|Add0~0    ; out0             ;
; |cronometro|contador0_5:inst3|Add0~1    ; |cronometro|contador0_5:inst3|Add0~1    ; out0             ;
; |cronometro|contador0_5:inst3|Add0~2    ; |cronometro|contador0_5:inst3|Add0~2    ; out0             ;
; |cronometro|contador0_5:inst3|Add0~3    ; |cronometro|contador0_5:inst3|Add0~3    ; out0             ;
; |cronometro|contador0_5:inst3|Add0~4    ; |cronometro|contador0_5:inst3|Add0~4    ; out0             ;
; |cronometro|contador0_9:inst1|Add0~0    ; |cronometro|contador0_9:inst1|Add0~0    ; out0             ;
; |cronometro|contador0_9:inst1|Add0~1    ; |cronometro|contador0_9:inst1|Add0~1    ; out0             ;
; |cronometro|contador0_9:inst1|Add0~2    ; |cronometro|contador0_9:inst1|Add0~2    ; out0             ;
; |cronometro|contador0_9:inst1|Add0~3    ; |cronometro|contador0_9:inst1|Add0~3    ; out0             ;
; |cronometro|contador0_9:inst1|Add0~4    ; |cronometro|contador0_9:inst1|Add0~4    ; out0             ;
; |cronometro|contador0_9:inst11|Add0~0   ; |cronometro|contador0_9:inst11|Add0~0   ; out0             ;
; |cronometro|contador0_9:inst11|Add0~1   ; |cronometro|contador0_9:inst11|Add0~1   ; out0             ;
; |cronometro|contador0_9:inst11|Add0~2   ; |cronometro|contador0_9:inst11|Add0~2   ; out0             ;
; |cronometro|contador0_9:inst11|Add0~3   ; |cronometro|contador0_9:inst11|Add0~3   ; out0             ;
; |cronometro|contador0_9:inst11|Add0~4   ; |cronometro|contador0_9:inst11|Add0~4   ; out0             ;
; |cronometro|contador0_5:inst36|Equal0~0 ; |cronometro|contador0_5:inst36|Equal0~0 ; out0             ;
; |cronometro|contador0_9:inst29|Equal0~0 ; |cronometro|contador0_9:inst29|Equal0~0 ; out0             ;
; |cronometro|contador0_5:inst21|Equal0~0 ; |cronometro|contador0_5:inst21|Equal0~0 ; out0             ;
; |cronometro|contador0_5:inst3|Equal0~0  ; |cronometro|contador0_5:inst3|Equal0~0  ; out0             ;
; |cronometro|contador0_9:inst1|Equal0~0  ; |cronometro|contador0_9:inst1|Equal0~0  ; out0             ;
; |cronometro|contador0_9:inst11|Equal0~0 ; |cronometro|contador0_9:inst11|Equal0~0 ; out0             ;
+-----------------------------------------+-----------------------------------------+------------------+


The following table displays output ports that do not toggle to 0 during simulation.
+------------------------------------------------------------------------------------------------------+
; Missing 0-Value Coverage                                                                             ;
+-----------------------------------------+-----------------------------------------+------------------+
; Node Name                               ; Output Port Name                        ; Output Port Type ;
+-----------------------------------------+-----------------------------------------+------------------+
; |cronometro|HEX0[6]                     ; |cronometro|HEX0[6]                     ; pin_out          ;
; |cronometro|HEX0[5]                     ; |cronometro|HEX0[5]                     ; pin_out          ;
; |cronometro|HEX0[4]                     ; |cronometro|HEX0[4]                     ; pin_out          ;
; |cronometro|HEX0[3]                     ; |cronometro|HEX0[3]                     ; pin_out          ;
; |cronometro|HEX0[2]                     ; |cronometro|HEX0[2]                     ; pin_out          ;
; |cronometro|HEX0[1]                     ; |cronometro|HEX0[1]                     ; pin_out          ;
; |cronometro|HEX0[0]                     ; |cronometro|HEX0[0]                     ; pin_out          ;
; |cronometro|inst41                      ; |cronometro|inst41                      ; out0             ;
; |cronometro|KEY[3]                      ; |cronometro|KEY[3]                      ; out              ;
; |cronometro|KEY[2]                      ; |cronometro|KEY[2]                      ; out              ;
; |cronometro|HEX1[6]                     ; |cronometro|HEX1[6]                     ; pin_out          ;
; |cronometro|HEX1[5]                     ; |cronometro|HEX1[5]                     ; pin_out          ;
; |cronometro|HEX1[4]                     ; |cronometro|HEX1[4]                     ; pin_out          ;
; |cronometro|HEX1[3]                     ; |cronometro|HEX1[3]                     ; pin_out          ;
; |cronometro|HEX1[2]                     ; |cronometro|HEX1[2]                     ; pin_out          ;
; |cronometro|HEX1[1]                     ; |cronometro|HEX1[1]                     ; pin_out          ;
; |cronometro|HEX1[0]                     ; |cronometro|HEX1[0]                     ; pin_out          ;
; |cronometro|inst6                       ; |cronometro|inst6                       ; out0             ;
; |cronometro|HEX2[6]                     ; |cronometro|HEX2[6]                     ; pin_out          ;
; |cronometro|HEX2[5]                     ; |cronometro|HEX2[5]                     ; pin_out          ;
; |cronometro|HEX2[4]                     ; |cronometro|HEX2[4]                     ; pin_out          ;
; |cronometro|HEX2[3]                     ; |cronometro|HEX2[3]                     ; pin_out          ;
; |cronometro|HEX2[2]                     ; |cronometro|HEX2[2]                     ; pin_out          ;
; |cronometro|HEX2[1]                     ; |cronometro|HEX2[1]                     ; pin_out          ;
; |cronometro|HEX2[0]                     ; |cronometro|HEX2[0]                     ; pin_out          ;
; |cronometro|inst4                       ; |cronometro|inst4                       ; out0             ;
; |cronometro|HEX3[6]                     ; |cronometro|HEX3[6]                     ; pin_out          ;
; |cronometro|HEX3[5]                     ; |cronometro|HEX3[5]                     ; pin_out          ;
; |cronometro|HEX3[4]                     ; |cronometro|HEX3[4]                     ; pin_out          ;
; |cronometro|HEX3[3]                     ; |cronometro|HEX3[3]                     ; pin_out          ;
; |cronometro|HEX3[2]                     ; |cronometro|HEX3[2]                     ; pin_out          ;
; |cronometro|HEX3[1]                     ; |cronometro|HEX3[1]                     ; pin_out          ;
; |cronometro|HEX3[0]                     ; |cronometro|HEX3[0]                     ; pin_out          ;
; |cronometro|inst16                      ; |cronometro|inst16                      ; out0             ;
; |cronometro|HEX4[6]                     ; |cronometro|HEX4[6]                     ; pin_out          ;
; |cronometro|HEX4[5]                     ; |cronometro|HEX4[5]                     ; pin_out          ;
; |cronometro|HEX4[4]                     ; |cronometro|HEX4[4]                     ; pin_out          ;
; |cronometro|HEX4[3]                     ; |cronometro|HEX4[3]                     ; pin_out          ;
; |cronometro|HEX4[2]                     ; |cronometro|HEX4[2]                     ; pin_out          ;
; |cronometro|HEX4[1]                     ; |cronometro|HEX4[1]                     ; pin_out          ;
; |cronometro|HEX4[0]                     ; |cronometro|HEX4[0]                     ; pin_out          ;
; |cronometro|inst24                      ; |cronometro|inst24                      ; out0             ;
; |cronometro|HEX5[6]                     ; |cronometro|HEX5[6]                     ; pin_out          ;
; |cronometro|HEX5[5]                     ; |cronometro|HEX5[5]                     ; pin_out          ;
; |cronometro|HEX5[4]                     ; |cronometro|HEX5[4]                     ; pin_out          ;
; |cronometro|HEX5[3]                     ; |cronometro|HEX5[3]                     ; pin_out          ;
; |cronometro|HEX5[2]                     ; |cronometro|HEX5[2]                     ; pin_out          ;
; |cronometro|HEX5[1]                     ; |cronometro|HEX5[1]                     ; pin_out          ;
; |cronometro|HEX5[0]                     ; |cronometro|HEX5[0]                     ; pin_out          ;
; |cronometro|inst30                      ; |cronometro|inst30                      ; out0             ;
; |cronometro|contador0_5:inst36|count[0] ; |cronometro|contador0_5:inst36|count[0] ; regout           ;
; |cronometro|contador0_5:inst36|count~0  ; |cronometro|contador0_5:inst36|count~0  ; out              ;
; |cronometro|contador0_5:inst36|count~1  ; |cronometro|contador0_5:inst36|count~1  ; out              ;
; |cronometro|contador0_5:inst36|count~2  ; |cronometro|contador0_5:inst36|count~2  ; out              ;
; |cronometro|contador0_5:inst36|count~3  ; |cronometro|contador0_5:inst36|count~3  ; out              ;
; |cronometro|contador0_5:inst36|count[3] ; |cronometro|contador0_5:inst36|count[3] ; regout           ;
; |cronometro|contador0_5:inst36|count[2] ; |cronometro|contador0_5:inst36|count[2] ; regout           ;
; |cronometro|contador0_5:inst36|count[1] ; |cronometro|contador0_5:inst36|count[1] ; regout           ;
; |cronometro|decoder7:inst|WideOr0       ; |cronometro|decoder7:inst|WideOr0       ; out0             ;
; |cronometro|decoder7:inst|WideOr1       ; |cronometro|decoder7:inst|WideOr1       ; out0             ;
; |cronometro|decoder7:inst|WideOr2       ; |cronometro|decoder7:inst|WideOr2       ; out0             ;
; |cronometro|decoder7:inst|WideOr3       ; |cronometro|decoder7:inst|WideOr3       ; out0             ;
; |cronometro|decoder7:inst|WideOr4       ; |cronometro|decoder7:inst|WideOr4       ; out0             ;
; |cronometro|decoder7:inst|WideOr5       ; |cronometro|decoder7:inst|WideOr5       ; out0             ;
; |cronometro|decoder7:inst|WideOr6       ; |cronometro|decoder7:inst|WideOr6       ; out0             ;
; |cronometro|contador0_9:inst29|count[0] ; |cronometro|contador0_9:inst29|count[0] ; regout           ;
; |cronometro|contador0_9:inst29|count~0  ; |cronometro|contador0_9:inst29|count~0  ; out              ;
; |cronometro|contador0_9:inst29|count~1  ; |cronometro|contador0_9:inst29|count~1  ; out              ;
; |cronometro|contador0_9:inst29|count~2  ; |cronometro|contador0_9:inst29|count~2  ; out              ;
; |cronometro|contador0_9:inst29|count~3  ; |cronometro|contador0_9:inst29|count~3  ; out              ;
; |cronometro|contador0_9:inst29|count[3] ; |cronometro|contador0_9:inst29|count[3] ; regout           ;
; |cronometro|contador0_9:inst29|count[2] ; |cronometro|contador0_9:inst29|count[2] ; regout           ;
; |cronometro|contador0_9:inst29|count[1] ; |cronometro|contador0_9:inst29|count[1] ; regout           ;
; |cronometro|decoder7:inst35|WideOr0     ; |cronometro|decoder7:inst35|WideOr0     ; out0             ;
; |cronometro|decoder7:inst35|WideOr1     ; |cronometro|decoder7:inst35|WideOr1     ; out0             ;
; |cronometro|decoder7:inst35|WideOr2     ; |cronometro|decoder7:inst35|WideOr2     ; out0             ;
; |cronometro|decoder7:inst35|WideOr3     ; |cronometro|decoder7:inst35|WideOr3     ; out0             ;
; |cronometro|decoder7:inst35|WideOr4     ; |cronometro|decoder7:inst35|WideOr4     ; out0             ;
; |cronometro|decoder7:inst35|WideOr5     ; |cronometro|decoder7:inst35|WideOr5     ; out0             ;
; |cronometro|decoder7:inst35|WideOr6     ; |cronometro|decoder7:inst35|WideOr6     ; out0             ;
; |cronometro|contador0_5:inst21|count[0] ; |cronometro|contador0_5:inst21|count[0] ; regout           ;
; |cronometro|contador0_5:inst21|count~0  ; |cronometro|contador0_5:inst21|count~0  ; out              ;
; |cronometro|contador0_5:inst21|count~1  ; |cronometro|contador0_5:inst21|count~1  ; out              ;
; |cronometro|contador0_5:inst21|count~2  ; |cronometro|contador0_5:inst21|count~2  ; out              ;
; |cronometro|contador0_5:inst21|count~3  ; |cronometro|contador0_5:inst21|count~3  ; out              ;
; |cronometro|contador0_5:inst21|count[3] ; |cronometro|contador0_5:inst21|count[3] ; regout           ;
; |cronometro|contador0_5:inst21|count[2] ; |cronometro|contador0_5:inst21|count[2] ; regout           ;
; |cronometro|contador0_5:inst21|count[1] ; |cronometro|contador0_5:inst21|count[1] ; regout           ;
; |cronometro|decoder7:inst22|WideOr0     ; |cronometro|decoder7:inst22|WideOr0     ; out0             ;
; |cronometro|decoder7:inst22|WideOr1     ; |cronometro|decoder7:inst22|WideOr1     ; out0             ;
; |cronometro|decoder7:inst22|WideOr2     ; |cronometro|decoder7:inst22|WideOr2     ; out0             ;
; |cronometro|decoder7:inst22|WideOr3     ; |cronometro|decoder7:inst22|WideOr3     ; out0             ;
; |cronometro|decoder7:inst22|WideOr4     ; |cronometro|decoder7:inst22|WideOr4     ; out0             ;
; |cronometro|decoder7:inst22|WideOr5     ; |cronometro|decoder7:inst22|WideOr5     ; out0             ;
; |cronometro|decoder7:inst22|WideOr6     ; |cronometro|decoder7:inst22|WideOr6     ; out0             ;
; |cronometro|contador0_5:inst3|count[0]  ; |cronometro|contador0_5:inst3|count[0]  ; regout           ;
; |cronometro|contador0_5:inst3|count~0   ; |cronometro|contador0_5:inst3|count~0   ; out              ;
; |cronometro|contador0_5:inst3|count~1   ; |cronometro|contador0_5:inst3|count~1   ; out              ;
; |cronometro|contador0_5:inst3|count~2   ; |cronometro|contador0_5:inst3|count~2   ; out              ;
; |cronometro|contador0_5:inst3|count~3   ; |cronometro|contador0_5:inst3|count~3   ; out              ;
; |cronometro|contador0_5:inst3|count[3]  ; |cronometro|contador0_5:inst3|count[3]  ; regout           ;
; |cronometro|contador0_5:inst3|count[2]  ; |cronometro|contador0_5:inst3|count[2]  ; regout           ;
; |cronometro|contador0_5:inst3|count[1]  ; |cronometro|contador0_5:inst3|count[1]  ; regout           ;
; |cronometro|decoder7:inst14|WideOr0     ; |cronometro|decoder7:inst14|WideOr0     ; out0             ;
; |cronometro|decoder7:inst14|WideOr1     ; |cronometro|decoder7:inst14|WideOr1     ; out0             ;
; |cronometro|decoder7:inst14|WideOr2     ; |cronometro|decoder7:inst14|WideOr2     ; out0             ;
; |cronometro|decoder7:inst14|WideOr3     ; |cronometro|decoder7:inst14|WideOr3     ; out0             ;
; |cronometro|decoder7:inst14|WideOr4     ; |cronometro|decoder7:inst14|WideOr4     ; out0             ;
; |cronometro|decoder7:inst14|WideOr5     ; |cronometro|decoder7:inst14|WideOr5     ; out0             ;
; |cronometro|decoder7:inst14|WideOr6     ; |cronometro|decoder7:inst14|WideOr6     ; out0             ;
; |cronometro|contador0_9:inst1|count[0]  ; |cronometro|contador0_9:inst1|count[0]  ; regout           ;
; |cronometro|contador0_9:inst1|count~0   ; |cronometro|contador0_9:inst1|count~0   ; out              ;
; |cronometro|contador0_9:inst1|count~1   ; |cronometro|contador0_9:inst1|count~1   ; out              ;
; |cronometro|contador0_9:inst1|count~2   ; |cronometro|contador0_9:inst1|count~2   ; out              ;
; |cronometro|contador0_9:inst1|count~3   ; |cronometro|contador0_9:inst1|count~3   ; out              ;
; |cronometro|contador0_9:inst1|count[3]  ; |cronometro|contador0_9:inst1|count[3]  ; regout           ;
; |cronometro|contador0_9:inst1|count[2]  ; |cronometro|contador0_9:inst1|count[2]  ; regout           ;
; |cronometro|contador0_9:inst1|count[1]  ; |cronometro|contador0_9:inst1|count[1]  ; regout           ;
; |cronometro|decoder7:inst12|WideOr0     ; |cronometro|decoder7:inst12|WideOr0     ; out0             ;
; |cronometro|decoder7:inst12|WideOr1     ; |cronometro|decoder7:inst12|WideOr1     ; out0             ;
; |cronometro|decoder7:inst12|WideOr2     ; |cronometro|decoder7:inst12|WideOr2     ; out0             ;
; |cronometro|decoder7:inst12|WideOr3     ; |cronometro|decoder7:inst12|WideOr3     ; out0             ;
; |cronometro|decoder7:inst12|WideOr4     ; |cronometro|decoder7:inst12|WideOr4     ; out0             ;
; |cronometro|decoder7:inst12|WideOr5     ; |cronometro|decoder7:inst12|WideOr5     ; out0             ;
; |cronometro|decoder7:inst12|WideOr6     ; |cronometro|decoder7:inst12|WideOr6     ; out0             ;
; |cronometro|contador0_9:inst11|count[0] ; |cronometro|contador0_9:inst11|count[0] ; regout           ;
; |cronometro|contador0_9:inst11|count~0  ; |cronometro|contador0_9:inst11|count~0  ; out              ;
; |cronometro|contador0_9:inst11|count~1  ; |cronometro|contador0_9:inst11|count~1  ; out              ;
; |cronometro|contador0_9:inst11|count~2  ; |cronometro|contador0_9:inst11|count~2  ; out              ;
; |cronometro|contador0_9:inst11|count~3  ; |cronometro|contador0_9:inst11|count~3  ; out              ;
; |cronometro|contador0_9:inst11|count[3] ; |cronometro|contador0_9:inst11|count[3] ; regout           ;
; |cronometro|contador0_9:inst11|count[2] ; |cronometro|contador0_9:inst11|count[2] ; regout           ;
; |cronometro|contador0_9:inst11|count[1] ; |cronometro|contador0_9:inst11|count[1] ; regout           ;
; |cronometro|decoder7:inst15|WideOr0     ; |cronometro|decoder7:inst15|WideOr0     ; out0             ;
; |cronometro|decoder7:inst15|WideOr1     ; |cronometro|decoder7:inst15|WideOr1     ; out0             ;
; |cronometro|decoder7:inst15|WideOr2     ; |cronometro|decoder7:inst15|WideOr2     ; out0             ;
; |cronometro|decoder7:inst15|WideOr3     ; |cronometro|decoder7:inst15|WideOr3     ; out0             ;
; |cronometro|decoder7:inst15|WideOr4     ; |cronometro|decoder7:inst15|WideOr4     ; out0             ;
; |cronometro|decoder7:inst15|WideOr5     ; |cronometro|decoder7:inst15|WideOr5     ; out0             ;
; |cronometro|decoder7:inst15|WideOr6     ; |cronometro|decoder7:inst15|WideOr6     ; out0             ;
; |cronometro|decoder7:inst|Decoder0~0    ; |cronometro|decoder7:inst|Decoder0~0    ; out              ;
; |cronometro|decoder7:inst|Decoder0~1    ; |cronometro|decoder7:inst|Decoder0~1    ; out              ;
; |cronometro|decoder7:inst|Decoder0~2    ; |cronometro|decoder7:inst|Decoder0~2    ; out              ;
; |cronometro|decoder7:inst|Decoder0~3    ; |cronometro|decoder7:inst|Decoder0~3    ; out              ;
; |cronometro|decoder7:inst|Decoder0~4    ; |cronometro|decoder7:inst|Decoder0~4    ; out              ;
; |cronometro|decoder7:inst|Decoder0~5    ; |cronometro|decoder7:inst|Decoder0~5    ; out              ;
; |cronometro|decoder7:inst|Decoder0~6    ; |cronometro|decoder7:inst|Decoder0~6    ; out              ;
; |cronometro|decoder7:inst|Decoder0~7    ; |cronometro|decoder7:inst|Decoder0~7    ; out              ;
; |cronometro|decoder7:inst|Decoder0~8    ; |cronometro|decoder7:inst|Decoder0~8    ; out              ;
; |cronometro|decoder7:inst|Decoder0~9    ; |cronometro|decoder7:inst|Decoder0~9    ; out              ;
; |cronometro|decoder7:inst|Decoder0~10   ; |cronometro|decoder7:inst|Decoder0~10   ; out              ;
; |cronometro|decoder7:inst|Decoder0~11   ; |cronometro|decoder7:inst|Decoder0~11   ; out              ;
; |cronometro|decoder7:inst|Decoder0~12   ; |cronometro|decoder7:inst|Decoder0~12   ; out              ;
; |cronometro|decoder7:inst|Decoder0~13   ; |cronometro|decoder7:inst|Decoder0~13   ; out              ;
; |cronometro|decoder7:inst|Decoder0~14   ; |cronometro|decoder7:inst|Decoder0~14   ; out              ;
; |cronometro|decoder7:inst35|Decoder0~0  ; |cronometro|decoder7:inst35|Decoder0~0  ; out              ;
; |cronometro|decoder7:inst35|Decoder0~1  ; |cronometro|decoder7:inst35|Decoder0~1  ; out              ;
; |cronometro|decoder7:inst35|Decoder0~2  ; |cronometro|decoder7:inst35|Decoder0~2  ; out              ;
; |cronometro|decoder7:inst35|Decoder0~3  ; |cronometro|decoder7:inst35|Decoder0~3  ; out              ;
; |cronometro|decoder7:inst35|Decoder0~4  ; |cronometro|decoder7:inst35|Decoder0~4  ; out              ;
; |cronometro|decoder7:inst35|Decoder0~5  ; |cronometro|decoder7:inst35|Decoder0~5  ; out              ;
; |cronometro|decoder7:inst35|Decoder0~6  ; |cronometro|decoder7:inst35|Decoder0~6  ; out              ;
; |cronometro|decoder7:inst35|Decoder0~7  ; |cronometro|decoder7:inst35|Decoder0~7  ; out              ;
; |cronometro|decoder7:inst35|Decoder0~8  ; |cronometro|decoder7:inst35|Decoder0~8  ; out              ;
; |cronometro|decoder7:inst35|Decoder0~9  ; |cronometro|decoder7:inst35|Decoder0~9  ; out              ;
; |cronometro|decoder7:inst35|Decoder0~10 ; |cronometro|decoder7:inst35|Decoder0~10 ; out              ;
; |cronometro|decoder7:inst35|Decoder0~11 ; |cronometro|decoder7:inst35|Decoder0~11 ; out              ;
; |cronometro|decoder7:inst35|Decoder0~12 ; |cronometro|decoder7:inst35|Decoder0~12 ; out              ;
; |cronometro|decoder7:inst35|Decoder0~13 ; |cronometro|decoder7:inst35|Decoder0~13 ; out              ;
; |cronometro|decoder7:inst35|Decoder0~14 ; |cronometro|decoder7:inst35|Decoder0~14 ; out              ;
; |cronometro|decoder7:inst22|Decoder0~0  ; |cronometro|decoder7:inst22|Decoder0~0  ; out              ;
; |cronometro|decoder7:inst22|Decoder0~1  ; |cronometro|decoder7:inst22|Decoder0~1  ; out              ;
; |cronometro|decoder7:inst22|Decoder0~2  ; |cronometro|decoder7:inst22|Decoder0~2  ; out              ;
; |cronometro|decoder7:inst22|Decoder0~3  ; |cronometro|decoder7:inst22|Decoder0~3  ; out              ;
; |cronometro|decoder7:inst22|Decoder0~4  ; |cronometro|decoder7:inst22|Decoder0~4  ; out              ;
; |cronometro|decoder7:inst22|Decoder0~5  ; |cronometro|decoder7:inst22|Decoder0~5  ; out              ;
; |cronometro|decoder7:inst22|Decoder0~6  ; |cronometro|decoder7:inst22|Decoder0~6  ; out              ;
; |cronometro|decoder7:inst22|Decoder0~7  ; |cronometro|decoder7:inst22|Decoder0~7  ; out              ;
; |cronometro|decoder7:inst22|Decoder0~8  ; |cronometro|decoder7:inst22|Decoder0~8  ; out              ;
; |cronometro|decoder7:inst22|Decoder0~9  ; |cronometro|decoder7:inst22|Decoder0~9  ; out              ;
; |cronometro|decoder7:inst22|Decoder0~10 ; |cronometro|decoder7:inst22|Decoder0~10 ; out              ;
; |cronometro|decoder7:inst22|Decoder0~11 ; |cronometro|decoder7:inst22|Decoder0~11 ; out              ;
; |cronometro|decoder7:inst22|Decoder0~12 ; |cronometro|decoder7:inst22|Decoder0~12 ; out              ;
; |cronometro|decoder7:inst22|Decoder0~13 ; |cronometro|decoder7:inst22|Decoder0~13 ; out              ;
; |cronometro|decoder7:inst22|Decoder0~14 ; |cronometro|decoder7:inst22|Decoder0~14 ; out              ;
; |cronometro|decoder7:inst14|Decoder0~0  ; |cronometro|decoder7:inst14|Decoder0~0  ; out              ;
; |cronometro|decoder7:inst14|Decoder0~1  ; |cronometro|decoder7:inst14|Decoder0~1  ; out              ;
; |cronometro|decoder7:inst14|Decoder0~2  ; |cronometro|decoder7:inst14|Decoder0~2  ; out              ;
; |cronometro|decoder7:inst14|Decoder0~3  ; |cronometro|decoder7:inst14|Decoder0~3  ; out              ;
; |cronometro|decoder7:inst14|Decoder0~4  ; |cronometro|decoder7:inst14|Decoder0~4  ; out              ;
; |cronometro|decoder7:inst14|Decoder0~5  ; |cronometro|decoder7:inst14|Decoder0~5  ; out              ;
; |cronometro|decoder7:inst14|Decoder0~6  ; |cronometro|decoder7:inst14|Decoder0~6  ; out              ;
; |cronometro|decoder7:inst14|Decoder0~7  ; |cronometro|decoder7:inst14|Decoder0~7  ; out              ;
; |cronometro|decoder7:inst14|Decoder0~8  ; |cronometro|decoder7:inst14|Decoder0~8  ; out              ;
; |cronometro|decoder7:inst14|Decoder0~9  ; |cronometro|decoder7:inst14|Decoder0~9  ; out              ;
; |cronometro|decoder7:inst14|Decoder0~10 ; |cronometro|decoder7:inst14|Decoder0~10 ; out              ;
; |cronometro|decoder7:inst14|Decoder0~11 ; |cronometro|decoder7:inst14|Decoder0~11 ; out              ;
; |cronometro|decoder7:inst14|Decoder0~12 ; |cronometro|decoder7:inst14|Decoder0~12 ; out              ;
; |cronometro|decoder7:inst14|Decoder0~13 ; |cronometro|decoder7:inst14|Decoder0~13 ; out              ;
; |cronometro|decoder7:inst14|Decoder0~14 ; |cronometro|decoder7:inst14|Decoder0~14 ; out              ;
; |cronometro|decoder7:inst12|Decoder0~0  ; |cronometro|decoder7:inst12|Decoder0~0  ; out              ;
; |cronometro|decoder7:inst12|Decoder0~1  ; |cronometro|decoder7:inst12|Decoder0~1  ; out              ;
; |cronometro|decoder7:inst12|Decoder0~2  ; |cronometro|decoder7:inst12|Decoder0~2  ; out              ;
; |cronometro|decoder7:inst12|Decoder0~3  ; |cronometro|decoder7:inst12|Decoder0~3  ; out              ;
; |cronometro|decoder7:inst12|Decoder0~4  ; |cronometro|decoder7:inst12|Decoder0~4  ; out              ;
; |cronometro|decoder7:inst12|Decoder0~5  ; |cronometro|decoder7:inst12|Decoder0~5  ; out              ;
; |cronometro|decoder7:inst12|Decoder0~6  ; |cronometro|decoder7:inst12|Decoder0~6  ; out              ;
; |cronometro|decoder7:inst12|Decoder0~7  ; |cronometro|decoder7:inst12|Decoder0~7  ; out              ;
; |cronometro|decoder7:inst12|Decoder0~8  ; |cronometro|decoder7:inst12|Decoder0~8  ; out              ;
; |cronometro|decoder7:inst12|Decoder0~9  ; |cronometro|decoder7:inst12|Decoder0~9  ; out              ;
; |cronometro|decoder7:inst12|Decoder0~10 ; |cronometro|decoder7:inst12|Decoder0~10 ; out              ;
; |cronometro|decoder7:inst12|Decoder0~11 ; |cronometro|decoder7:inst12|Decoder0~11 ; out              ;
; |cronometro|decoder7:inst12|Decoder0~12 ; |cronometro|decoder7:inst12|Decoder0~12 ; out              ;
; |cronometro|decoder7:inst12|Decoder0~13 ; |cronometro|decoder7:inst12|Decoder0~13 ; out              ;
; |cronometro|decoder7:inst12|Decoder0~14 ; |cronometro|decoder7:inst12|Decoder0~14 ; out              ;
; |cronometro|decoder7:inst15|Decoder0~0  ; |cronometro|decoder7:inst15|Decoder0~0  ; out              ;
; |cronometro|decoder7:inst15|Decoder0~1  ; |cronometro|decoder7:inst15|Decoder0~1  ; out              ;
; |cronometro|decoder7:inst15|Decoder0~2  ; |cronometro|decoder7:inst15|Decoder0~2  ; out              ;
; |cronometro|decoder7:inst15|Decoder0~3  ; |cronometro|decoder7:inst15|Decoder0~3  ; out              ;
; |cronometro|decoder7:inst15|Decoder0~4  ; |cronometro|decoder7:inst15|Decoder0~4  ; out              ;
; |cronometro|decoder7:inst15|Decoder0~5  ; |cronometro|decoder7:inst15|Decoder0~5  ; out              ;
; |cronometro|decoder7:inst15|Decoder0~6  ; |cronometro|decoder7:inst15|Decoder0~6  ; out              ;
; |cronometro|decoder7:inst15|Decoder0~7  ; |cronometro|decoder7:inst15|Decoder0~7  ; out              ;
; |cronometro|decoder7:inst15|Decoder0~8  ; |cronometro|decoder7:inst15|Decoder0~8  ; out              ;
; |cronometro|decoder7:inst15|Decoder0~9  ; |cronometro|decoder7:inst15|Decoder0~9  ; out              ;
; |cronometro|decoder7:inst15|Decoder0~10 ; |cronometro|decoder7:inst15|Decoder0~10 ; out              ;
; |cronometro|decoder7:inst15|Decoder0~11 ; |cronometro|decoder7:inst15|Decoder0~11 ; out              ;
; |cronometro|decoder7:inst15|Decoder0~12 ; |cronometro|decoder7:inst15|Decoder0~12 ; out              ;
; |cronometro|decoder7:inst15|Decoder0~13 ; |cronometro|decoder7:inst15|Decoder0~13 ; out              ;
; |cronometro|decoder7:inst15|Decoder0~14 ; |cronometro|decoder7:inst15|Decoder0~14 ; out              ;
; |cronometro|contador0_5:inst36|Add0~0   ; |cronometro|contador0_5:inst36|Add0~0   ; out0             ;
; |cronometro|contador0_5:inst36|Add0~1   ; |cronometro|contador0_5:inst36|Add0~1   ; out0             ;
; |cronometro|contador0_5:inst36|Add0~2   ; |cronometro|contador0_5:inst36|Add0~2   ; out0             ;
; |cronometro|contador0_5:inst36|Add0~3   ; |cronometro|contador0_5:inst36|Add0~3   ; out0             ;
; |cronometro|contador0_5:inst36|Add0~4   ; |cronometro|contador0_5:inst36|Add0~4   ; out0             ;
; |cronometro|contador0_9:inst29|Add0~0   ; |cronometro|contador0_9:inst29|Add0~0   ; out0             ;
; |cronometro|contador0_9:inst29|Add0~1   ; |cronometro|contador0_9:inst29|Add0~1   ; out0             ;
; |cronometro|contador0_9:inst29|Add0~2   ; |cronometro|contador0_9:inst29|Add0~2   ; out0             ;
; |cronometro|contador0_9:inst29|Add0~3   ; |cronometro|contador0_9:inst29|Add0~3   ; out0             ;
; |cronometro|contador0_9:inst29|Add0~4   ; |cronometro|contador0_9:inst29|Add0~4   ; out0             ;
; |cronometro|contador0_5:inst21|Add0~0   ; |cronometro|contador0_5:inst21|Add0~0   ; out0             ;
; |cronometro|contador0_5:inst21|Add0~1   ; |cronometro|contador0_5:inst21|Add0~1   ; out0             ;
; |cronometro|contador0_5:inst21|Add0~2   ; |cronometro|contador0_5:inst21|Add0~2   ; out0             ;
; |cronometro|contador0_5:inst21|Add0~3   ; |cronometro|contador0_5:inst21|Add0~3   ; out0             ;
; |cronometro|contador0_5:inst21|Add0~4   ; |cronometro|contador0_5:inst21|Add0~4   ; out0             ;
; |cronometro|contador0_5:inst3|Add0~0    ; |cronometro|contador0_5:inst3|Add0~0    ; out0             ;
; |cronometro|contador0_5:inst3|Add0~1    ; |cronometro|contador0_5:inst3|Add0~1    ; out0             ;
; |cronometro|contador0_5:inst3|Add0~2    ; |cronometro|contador0_5:inst3|Add0~2    ; out0             ;
; |cronometro|contador0_5:inst3|Add0~3    ; |cronometro|contador0_5:inst3|Add0~3    ; out0             ;
; |cronometro|contador0_5:inst3|Add0~4    ; |cronometro|contador0_5:inst3|Add0~4    ; out0             ;
; |cronometro|contador0_9:inst1|Add0~0    ; |cronometro|contador0_9:inst1|Add0~0    ; out0             ;
; |cronometro|contador0_9:inst1|Add0~1    ; |cronometro|contador0_9:inst1|Add0~1    ; out0             ;
; |cronometro|contador0_9:inst1|Add0~2    ; |cronometro|contador0_9:inst1|Add0~2    ; out0             ;
; |cronometro|contador0_9:inst1|Add0~3    ; |cronometro|contador0_9:inst1|Add0~3    ; out0             ;
; |cronometro|contador0_9:inst1|Add0~4    ; |cronometro|contador0_9:inst1|Add0~4    ; out0             ;
; |cronometro|contador0_9:inst11|Add0~0   ; |cronometro|contador0_9:inst11|Add0~0   ; out0             ;
; |cronometro|contador0_9:inst11|Add0~1   ; |cronometro|contador0_9:inst11|Add0~1   ; out0             ;
; |cronometro|contador0_9:inst11|Add0~2   ; |cronometro|contador0_9:inst11|Add0~2   ; out0             ;
; |cronometro|contador0_9:inst11|Add0~3   ; |cronometro|contador0_9:inst11|Add0~3   ; out0             ;
; |cronometro|contador0_9:inst11|Add0~4   ; |cronometro|contador0_9:inst11|Add0~4   ; out0             ;
; |cronometro|contador0_5:inst36|Equal0~0 ; |cronometro|contador0_5:inst36|Equal0~0 ; out0             ;
; |cronometro|contador0_9:inst29|Equal0~0 ; |cronometro|contador0_9:inst29|Equal0~0 ; out0             ;
; |cronometro|contador0_5:inst21|Equal0~0 ; |cronometro|contador0_5:inst21|Equal0~0 ; out0             ;
; |cronometro|contador0_5:inst3|Equal0~0  ; |cronometro|contador0_5:inst3|Equal0~0  ; out0             ;
; |cronometro|contador0_9:inst1|Equal0~0  ; |cronometro|contador0_9:inst1|Equal0~0  ; out0             ;
; |cronometro|contador0_9:inst11|Equal0~0 ; |cronometro|contador0_9:inst11|Equal0~0 ; out0             ;
+-----------------------------------------+-----------------------------------------+------------------+


+---------------------+
; Simulator INI Usage ;
+--------+------------+
; Option ; Usage      ;
+--------+------------+


+--------------------+
; Simulator Messages ;
+--------------------+
Info: *******************************************************************
Info: Running Quartus II 64-Bit Simulator
    Info: Version 13.0.1 Build 232 06/12/2013 Service Pack 1 SJ Web Edition
    Info: Processing started: Thu Sep 19 09:05:36 2024
Info: Command: quartus_sim --simulation_results_format=VWF Relogio -c Relogio
Info (324025): Using vector source file "E:/Projeto_Final2/output_files/Waveform1.vwf"
Warning (328014): Can't find node "KEY[1]" for functional simulation. Ignored vector source file node.
Warning (328014): Can't find node "KEY[0]" for functional simulation. Ignored vector source file node.
Info (310003): Option to preserve fewer signal transitions to reduce memory requirements is enabled
    Info (310004): Simulation has been partitioned into sub-simulations according to the maximum transition count determined by the engine. Transitions from memory will be flushed out to disk at the end of each sub-simulation to reduce memory requirements.
Info (310002): Simulation partitioned into 1 sub-simulations
Info (328053): Simulation coverage is       0.37 %
Info (328052): Number of transitions in simulation is 1998
Info (324045): Vector file Relogio.sim.vwf is saved in VWF text format. You can compress it into CVWF format in order to reduce file size. For more details please refer to the Quartus II Help.
Info: Quartus II 64-Bit Simulator was successful. 0 errors, 2 warnings
    Info: Peak virtual memory: 4441 megabytes
    Info: Processing ended: Thu Sep 19 09:05:37 2024
    Info: Elapsed time: 00:00:01
    Info: Total CPU time (on all processors): 00:00:00


